# JRE version: OpenJDK Runtime Environment (8.0_232-b09) (build 1.8.0_232-b09)
# Java VM: OpenJDK 64-Bit Server VM (25.232-b09 mixed mode linux-amd64 compressed oops)
Heap:
 garbage-first heap   total 262144K, used 68640K [0x00000000c0000000, 0x00000000c0100800, 0x0000000100000000)
  region size 1024K, 1 young (1024K), 1 survivors (1024K)
 Metaspace       used 39057K, capacity 41490K, committed 41856K, reserved 1085440K
  class space    used 4069K, capacity 4865K, committed 4992K, reserved 1048576K
GC Heap History (81 events):
Event: 0.677 GC heap before
{Heap before GC invocations=0 (full 0):
 garbage-first heap   total 30720K, used 3072K [0x00000000c0000000, 0x00000000c01000f0, 0x0000000100000000)
  region size 1024K, 3 young (3072K), 0 survivors (0K)
 Metaspace       used 5817K, capacity 5916K, committed 6016K, reserved 1056768K
  class space    used 547K, capacity 601K, committed 640K, reserved 1048576K
Event: 0.683 GC heap after
Heap after GC invocations=1 (full 0):
 garbage-first heap   total 30720K, used 969K [0x00000000c0000000, 0x00000000c01000f0, 0x0000000100000000)
  region size 1024K, 1 young (1024K), 1 survivors (1024K)
 Metaspace       used 5817K, capacity 5916K, committed 6016K, reserved 1056768K
  class space    used 547K, capacity 601K, committed 640K, reserved 1048576K
}
Event: 0.823 GC heap before
{Heap before GC invocations=1 (full 0):
 garbage-first heap   total 30720K, used 3017K [0x00000000c0000000, 0x00000000c01000f0, 0x0000000100000000)
  region size 1024K, 3 young (3072K), 1 survivors (1024K)
 Metaspace       used 6380K, capacity 6556K, committed 6656K, reserved 1056768K
  class space    used 619K, capacity 673K, committed 768K, reserved 1048576K
Event: 0.828 GC heap after
Heap after GC invocations=2 (full 0):
 garbage-first heap   total 30720K, used 1891K [0x00000000c0000000, 0x00000000c01000f0, 0x0000000100000000)
  region size 1024K, 1 young (1024K), 1 survivors (1024K)
 Metaspace       used 6380K, capacity 6556K, committed 6656K, reserved 1056768K
  class space    used 619K, capacity 673K, committed 768K, reserved 1048576K
}
Event: 0.947 GC heap before
{Heap before GC invocations=2 (full 0):
 garbage-first heap   total 30720K, used 7011K [0x00000000c0000000, 0x00000000c01000f0, 0x0000000100000000)
  region size 1024K, 6 young (6144K), 1 survivors (1024K)
 Metaspace       used 6676K, capacity 6926K, committed 7168K, reserved 1056768K
  class space    used 645K, capacity 714K, committed 768K, reserved 1048576K
Event: 0.954 GC heap after
Heap after GC invocations=3 (full 0):
 garbage-first heap   total 30720K, used 3072K [0x00000000c0000000, 0x00000000c01000f0, 0x0000000100000000)
  region size 1024K, 1 young (1024K), 1 survivors (1024K)
 Metaspace       used 6676K, capacity 6926K, committed 7168K, reserved 1056768K
  class space    used 645K, capacity 714K, committed 768K, reserved 1048576K
}
Event: 1.899 GC heap before
{Heap before GC invocations=3 (full 0):
 garbage-first heap   total 30720K, used 20480K [0x00000000c0000000, 0x00000000c01000f0, 0x0000000100000000)
  region size 1024K, 18 young (18432K), 1 survivors (1024K)
 Metaspace       used 10506K, capacity 10998K, committed 11136K, reserved 1058816K
  class space    used 1031K, capacity 1148K, committed 1152K, reserved 1048576K
Event: 1.920 GC heap after
Heap after GC invocations=4 (full 0):
 garbage-first heap   total 30720K, used 8192K [0x00000000c0000000, 0x00000000c01000f0, 0x0000000100000000)
  region size 1024K, 3 young (3072K), 3 survivors (3072K)
 Metaspace       used 10506K, capacity 10998K, committed 11136K, reserved 1058816K
  class space    used 1031K, capacity 1148K, committed 1152K, reserved 1048576K
}
Event: 2.794 GC heap before
{Heap before GC invocations=4 (full 0):
 garbage-first heap   total 30720K, used 22528K [0x00000000c0000000, 0x00000000c01000f0, 0x0000000100000000)
  region size 1024K, 17 young (17408K), 3 survivors (3072K)
 Metaspace       used 16868K, capacity 17740K, committed 18048K, reserved 1064960K
  class space    used 1574K, capacity 1822K, committed 1920K, reserved 1048576K
Event: 2.818 GC heap after
Heap after GC invocations=5 (full 0):
 garbage-first heap   total 31744K, used 13824K [0x00000000c0000000, 0x00000000c01000f8, 0x0000000100000000)
  region size 1024K, 3 young (3072K), 3 survivors (3072K)
 Metaspace       used 16868K, capacity 17740K, committed 18048K, reserved 1064960K
  class space    used 1574K, capacity 1822K, committed 1920K, reserved 1048576K
}
Event: 3.500 GC heap before
{Heap before GC invocations=5 (full 0):
 garbage-first heap   total 31744K, used 24064K [0x00000000c0000000, 0x00000000c01000f8, 0x0000000100000000)
  region size 1024K, 13 young (13312K), 3 survivors (3072K)
 Metaspace       used 18068K, capacity 19042K, committed 19200K, reserved 1067008K
  class space    used 1689K, capacity 2008K, committed 2048K, reserved 1048576K
Event: 3.513 GC heap after
Heap after GC invocations=6 (full 0):
 garbage-first heap   total 31744K, used 14847K [0x00000000c0000000, 0x00000000c01000f8, 0x0000000100000000)
  region size 1024K, 2 young (2048K), 2 survivors (2048K)
 Metaspace       used 18068K, capacity 19042K, committed 19200K, reserved 1067008K
  class space    used 1689K, capacity 2008K, committed 2048K, reserved 1048576K
}
Event: 4.021 GC heap before
{Heap before GC invocations=6 (full 0):
 garbage-first heap   total 31744K, used 25087K [0x00000000c0000000, 0x00000000c01000f8, 0x0000000100000000)
  region size 1024K, 12 young (12288K), 2 survivors (2048K)
 Metaspace       used 20202K, capacity 21102K, committed 21248K, reserved 1069056K
  class space    used 1965K, capacity 2268K, committed 2304K, reserved 1048576K
Event: 4.038 GC heap after
Heap after GC invocations=7 (full 0):
 garbage-first heap   total 31744K, used 15360K [0x00000000c0000000, 0x00000000c01000f8, 0x0000000100000000)
  region size 1024K, 2 young (2048K), 2 survivors (2048K)
 Metaspace       used 20202K, capacity 21102K, committed 21248K, reserved 1069056K
  class space    used 1965K, capacity 2268K, committed 2304K, reserved 1048576K
}
Event: 4.056 GC heap before
{Heap before GC invocations=7 (full 0):
 garbage-first heap   total 31744K, used 16384K [0x00000000c0000000, 0x00000000c01000f8, 0x0000000100000000)
  region size 1024K, 4 young (4096K), 2 survivors (2048K)
 Metaspace       used 20281K, capacity 21198K, committed 21248K, reserved 1069056K
  class space    used 1979K, capacity 2300K, committed 2304K, reserved 1048576K
Event: 4.082 GC heap after
Heap after GC invocations=8 (full 0):
 garbage-first heap   total 31744K, used 15872K [0x00000000c0000000, 0x00000000c01000f8, 0x0000000100000000)
  region size 1024K, 2 young (2048K), 2 survivors (2048K)
 Metaspace       used 20281K, capacity 21198K, committed 21248K, reserved 1069056K
  class space    used 1979K, capacity 2300K, committed 2304K, reserved 1048576K
}
Event: 4.443 GC heap before
{Heap before GC invocations=9 (full 0):
 garbage-first heap   total 31744K, used 20992K [0x00000000c0000000, 0x00000000c01000f8, 0x0000000100000000)
  region size 1024K, 11 young (11264K), 2 survivors (2048K)
 Metaspace       used 20802K, capacity 21810K, committed 21888K, reserved 1069056K
  class space    used 2067K, capacity 2396K, committed 2432K, reserved 1048576K
Event: 4.487 GC heap after
Heap after GC invocations=10 (full 0):
 garbage-first heap   total 31744K, used 12482K [0x00000000c0000000, 0x00000000c01000f8, 0x0000000100000000)
  region size 1024K, 2 young (2048K), 2 survivors (2048K)
 Metaspace       used 20802K, capacity 21810K, committed 21888K, reserved 1069056K
  class space    used 2067K, capacity 2396K, committed 2432K, reserved 1048576K
}
Event: 4.529 GC heap before
{Heap before GC invocations=10 (full 0):
 garbage-first heap   total 31744K, used 13506K [0x00000000c0000000, 0x00000000c01000f8, 0x0000000100000000)
  region size 1024K, 3 young (3072K), 2 survivors (2048K)
 Metaspace       used 20907K, capacity 21912K, committed 22144K, reserved 1069056K
  class space    used 2082K, capacity 2429K, committed 2432K, reserved 1048576K
Event: 4.539 GC heap after
Heap after GC invocations=11 (full 0):
 garbage-first heap   total 31744K, used 10752K [0x00000000c0000000, 0x00000000c01000f8, 0x0000000100000000)
  region size 1024K, 1 young (1024K), 1 survivors (1024K)
 Metaspace       used 20907K, capacity 21912K, committed 22144K, reserved 1069056K
  class space    used 2082K, capacity 2429K, committed 2432K, reserved 1048576K
}
Event: 5.105 GC heap before
{Heap before GC invocations=11 (full 0):
 garbage-first heap   total 31744K, used 25088K [0x00000000c0000000, 0x00000000c01000f8, 0x0000000100000000)
  region size 1024K, 15 young (15360K), 1 survivors (1024K)
 Metaspace       used 23109K, capacity 24148K, committed 24320K, reserved 1071104K
  class space    used 2357K, capacity 2727K, committed 2816K, reserved 1048576K
Event: 5.121 GC heap after
Heap after GC invocations=12 (full 0):
 garbage-first heap   total 31744K, used 13312K [0x00000000c0000000, 0x00000000c01000f8, 0x0000000100000000)
  region size 1024K, 2 young (2048K), 2 survivors (2048K)
 Metaspace       used 23109K, capacity 24148K, committed 24320K, reserved 1071104K
  class space    used 2357K, capacity 2727K, committed 2816K, reserved 1048576K
}
Event: 5.911 GC heap before
{Heap before GC invocations=12 (full 0):
 garbage-first heap   total 31744K, used 25600K [0x00000000c0000000, 0x00000000c01000f8, 0x0000000100000000)
  region size 1024K, 14 young (14336K), 2 survivors (2048K)
 Metaspace       used 24485K, capacity 25548K, committed 25728K, reserved 1073152K
  class space    used 2548K, capacity 2893K, committed 2944K, reserved 1048576K
Event: 5.932 GC heap after
Heap after GC invocations=13 (full 0):
 garbage-first heap   total 31744K, used 14848K [0x00000000c0000000, 0x00000000c01000f8, 0x0000000100000000)
  region size 1024K, 2 young (2048K), 2 survivors (2048K)
 Metaspace       used 24485K, capacity 25548K, committed 25728K, reserved 1073152K
  class space    used 2548K, capacity 2893K, committed 2944K, reserved 1048576K
}
Event: 6.093 GC heap before
{Heap before GC invocations=13 (full 0):
 garbage-first heap   total 31744K, used 25088K [0x00000000c0000000, 0x00000000c01000f8, 0x0000000100000000)
  region size 1024K, 12 young (12288K), 2 survivors (2048K)
 Metaspace       used 24637K, capacity 25756K, committed 25984K, reserved 1073152K
  class space    used 2573K, capacity 2941K, committed 2944K, reserved 1048576K
Event: 6.103 GC heap after
Heap after GC invocations=14 (full 0):
 garbage-first heap   total 31744K, used 15871K [0x00000000c0000000, 0x00000000c01000f8, 0x0000000100000000)
  region size 1024K, 2 young (2048K), 2 survivors (2048K)
 Metaspace       used 24637K, capacity 25756K, committed 25984K, reserved 1073152K
  class space    used 2573K, capacity 2941K, committed 2944K, reserved 1048576K
}
Event: 6.444 GC heap before
{Heap before GC invocations=14 (full 0):
 garbage-first heap   total 31744K, used 25087K [0x00000000c0000000, 0x00000000c01000f8, 0x0000000100000000)
  region size 1024K, 11 young (11264K), 2 survivors (2048K)
 Metaspace       used 25356K, capacity 26570K, committed 26624K, reserved 1073152K
  class space    used 2644K, capacity 3043K, committed 3072K, reserved 1048576K
Event: 6.485 GC heap after
Heap after GC invocations=15 (full 0):
 garbage-first heap   total 31744K, used 16384K [0x00000000c0000000, 0x00000000c01000f8, 0x0000000100000000)
  region size 1024K, 2 young (2048K), 2 survivors (2048K)
 Metaspace       used 25356K, capacity 26570K, committed 26624K, reserved 1073152K
  class space    used 2644K, capacity 3043K, committed 3072K, reserved 1048576K
}
Event: 6.724 GC heap before
{Heap before GC invocations=16 (full 0):
 garbage-first heap   total 31744K, used 22528K [0x00000000c0000000, 0x00000000c01000f8, 0x0000000100000000)
  region size 1024K, 11 young (11264K), 2 survivors (2048K)
 Metaspace       used 25452K, capacity 26718K, committed 27008K, reserved 1073152K
  class space    used 2662K, capacity 3115K, committed 3200K, reserved 1048576K
Event: 6.734 GC heap after
Heap after GC invocations=17 (full 0):
 garbage-first heap   total 31744K, used 14335K [0x00000000c0000000, 0x00000000c01000f8, 0x0000000100000000)
  region size 1024K, 2 young (2048K), 2 survivors (2048K)
 Metaspace       used 25452K, capacity 26718K, committed 27008K, reserved 1073152K
  class space    used 2662K, capacity 3115K, committed 3200K, reserved 1048576K
}
Event: 6.750 GC heap before
{Heap before GC invocations=17 (full 0):
 garbage-first heap   total 31744K, used 15359K [0x00000000c0000000, 0x00000000c01000f8, 0x0000000100000000)
  region size 1024K, 3 young (3072K), 2 survivors (2048K)
 Metaspace       used 25464K, capacity 26724K, committed 27008K, reserved 1073152K
  class space    used 2663K, capacity 3116K, committed 3200K, reserved 1048576K
Event: 6.795 GC heap after
Heap after GC invocations=18 (full 0):
 garbage-first heap   total 31744K, used 11775K [0x00000000c0000000, 0x00000000c01000f8, 0x0000000100000000)
  region size 1024K, 1 young (1024K), 1 survivors (1024K)
 Metaspace       used 25464K, capacity 26724K, committed 27008K, reserved 1073152K
  class space    used 2663K, capacity 3116K, committed 3200K, reserved 1048576K
}
Event: 8.106 GC heap before
{Heap before GC invocations=18 (full 0):
 garbage-first heap   total 31744K, used 26111K [0x00000000c0000000, 0x00000000c01000f8, 0x0000000100000000)
  region size 1024K, 15 young (15360K), 1 survivors (1024K)
 Metaspace       used 28529K, capacity 30064K, committed 30208K, reserved 1075200K
  class space    used 2972K, capacity 3519K, committed 3584K, reserved 1048576K
Event: 8.124 GC heap after
Heap after GC invocations=19 (full 0):
 garbage-first heap   total 32768K, used 16896K [0x00000000c0000000, 0x00000000c0100100, 0x0000000100000000)
  region size 1024K, 2 young (2048K), 2 survivors (2048K)
 Metaspace       used 28529K, capacity 30064K, committed 30208K, reserved 1075200K
  class space    used 2972K, capacity 3519K, committed 3584K, reserved 1048576K
}
Event: 8.626 GC heap before
{Heap before GC invocations=19 (full 0):
 garbage-first heap   total 32768K, used 26112K [0x00000000c0000000, 0x00000000c0100100, 0x0000000100000000)
  region size 1024K, 11 young (11264K), 2 survivors (2048K)
 Metaspace       used 30517K, capacity 32226K, committed 32256K, reserved 1077248K
  class space    used 3206K, capacity 3838K, committed 3840K, reserved 1048576K
Event: 8.671 GC heap after
Heap after GC invocations=20 (full 0):
 garbage-first heap   total 32768K, used 20029K [0x00000000c0000000, 0x00000000c0100100, 0x0000000100000000)
  region size 1024K, 2 young (2048K), 2 survivors (2048K)
 Metaspace       used 30517K, capacity 32226K, committed 32256K, reserved 1077248K
  class space    used 3206K, capacity 3838K, committed 3840K, reserved 1048576K
}
Event: 8.786 GC heap before
{Heap before GC invocations=20 (full 0):
 garbage-first heap   total 32768K, used 26173K [0x00000000c0000000, 0x00000000c0100100, 0x0000000100000000)
  region size 1024K, 8 young (8192K), 2 survivors (2048K)
 Metaspace       used 30526K, capacity 32290K, committed 32512K, reserved 1077248K
  class space    used 3206K, capacity 3838K, committed 3840K, reserved 1048576K
Event: 8.797 GC heap after
Heap after GC invocations=21 (full 0):
 garbage-first heap   total 32768K, used 22015K [0x00000000c0000000, 0x00000000c0100100, 0x0000000100000000)
  region size 1024K, 1 young (1024K), 1 survivors (1024K)
 Metaspace       used 30526K, capacity 32290K, committed 32512K, reserved 1077248K
  class space    used 3206K, capacity 3838K, committed 3840K, reserved 1048576K
}
Event: 9.032 GC heap before
{Heap before GC invocations=22 (full 0):
 garbage-first heap   total 32768K, used 26111K [0x00000000c0000000, 0x00000000c0100100, 0x0000000100000000)
  region size 1024K, 6 young (6144K), 1 survivors (1024K)
 Metaspace       used 31006K, capacity 32768K, committed 32896K, reserved 1079296K
  class space    used 3281K, capacity 3913K, committed 3968K, reserved 1048576K
Event: 9.040 GC heap after
Heap after GC invocations=23 (full 0):
 garbage-first heap   total 32768K, used 21504K [0x00000000c0000000, 0x00000000c0100100, 0x0000000100000000)
  region size 1024K, 1 young (1024K), 1 survivors (1024K)
 Metaspace       used 31006K, capacity 32768K, committed 32896K, reserved 1079296K
  class space    used 3281K, capacity 3913K, committed 3968K, reserved 1048576K
}
Event: 9.058 GC heap before
{Heap before GC invocations=23 (full 0):
 garbage-first heap   total 32768K, used 22528K [0x00000000c0000000, 0x00000000c0100100, 0x0000000100000000)
  region size 1024K, 2 young (2048K), 1 survivors (1024K)
 Metaspace       used 31068K, capacity 32900K, committed 33152K, reserved 1079296K
  class space    used 3288K, capacity 3913K, committed 3968K, reserved 1048576K
Event: 9.070 GC heap after
Heap after GC invocations=24 (full 0):
 garbage-first heap   total 32768K, used 19456K [0x00000000c0000000, 0x00000000c0100100, 0x0000000100000000)
  region size 1024K, 1 young (1024K), 1 survivors (1024K)
 Metaspace       used 31068K, capacity 32900K, committed 33152K, reserved 1079296K
  class space    used 3288K, capacity 3913K, committed 3968K, reserved 1048576K
}
Event: 9.175 GC heap before
{Heap before GC invocations=24 (full 0):
 garbage-first heap   total 32768K, used 21504K [0x00000000c0000000, 0x00000000c0100100, 0x0000000100000000)
  region size 1024K, 3 young (3072K), 1 survivors (1024K)
 Metaspace       used 31340K, capacity 33094K, committed 33408K, reserved 1079296K
  class space    used 3324K, capacity 3914K, committed 3968K, reserved 1048576K
Event: 9.232 GC heap after
Heap after GC invocations=25 (full 0):
 garbage-first heap   total 32768K, used 18943K [0x00000000c0000000, 0x00000000c0100100, 0x0000000100000000)
  region size 1024K, 1 young (1024K), 1 survivors (1024K)
 Metaspace       used 31340K, capacity 33094K, committed 33408K, reserved 1079296K
  class space    used 3324K, capacity 3914K, committed 3968K, reserved 1048576K
}
Event: 9.558 GC heap before
{Heap before GC invocations=25 (full 0):
 garbage-first heap   total 32768K, used 26111K [0x00000000c0000000, 0x00000000c0100100, 0x0000000100000000)
  region size 1024K, 8 young (8192K), 1 survivors (1024K)
 Metaspace       used 32271K, capacity 34210K, committed 34304K, reserved 1079296K
  class space    used 3416K, capacity 4026K, committed 4096K, reserved 1048576K
Event: 9.574 GC heap after
Heap after GC invocations=26 (full 0):
 garbage-first heap   total 32768K, used 20992K [0x00000000c0000000, 0x00000000c0100100, 0x0000000100000000)
  region size 1024K, 1 young (1024K), 1 survivors (1024K)
 Metaspace       used 32271K, capacity 34210K, committed 34304K, reserved 1079296K
  class space    used 3416K, capacity 4026K, committed 4096K, reserved 1048576K
}
Event: 10.001 GC heap before
{Heap before GC invocations=26 (full 0):
 garbage-first heap   total 32768K, used 27136K [0x00000000c0000000, 0x00000000c0100100, 0x0000000100000000)
  region size 1024K, 7 young (7168K), 1 survivors (1024K)
 Metaspace       used 34097K, capacity 36276K, committed 36608K, reserved 1081344K
  class space    used 3622K, capacity 4313K, committed 4352K, reserved 1048576K
Event: 10.058 GC heap after
Heap after GC invocations=27 (full 0):
 garbage-first heap   total 32768K, used 23040K [0x00000000c0000000, 0x00000000c0100100, 0x0000000100000000)
  region size 1024K, 1 young (1024K), 1 survivors (1024K)
 Metaspace       used 34097K, capacity 36276K, committed 36608K, reserved 1081344K
  class space    used 3622K, capacity 4313K, committed 4352K, reserved 1048576K
}
Event: 10.363 GC heap before
{Heap before GC invocations=28 (full 0):
 garbage-first heap   total 32768K, used 25088K [0x00000000c0000000, 0x00000000c0100100, 0x0000000100000000)
  region size 1024K, 5 young (5120K), 1 survivors (1024K)
 Metaspace       used 34539K, capacity 36666K, committed 36992K, reserved 1081344K
  class space    used 3668K, capacity 4378K, committed 4480K, reserved 1048576K
Event: 10.411 GC heap after
Heap after GC invocations=29 (full 0):
 garbage-first heap   total 32768K, used 22528K [0x00000000c0000000, 0x00000000c0100100, 0x0000000100000000)
  region size 1024K, 1 young (1024K), 1 survivors (1024K)
 Metaspace       used 34539K, capacity 36666K, committed 36992K, reserved 1081344K
  class space    used 3668K, capacity 4378K, committed 4480K, reserved 1048576K
}
Event: 10.420 GC heap before
{Heap before GC invocations=29 (full 0):
 garbage-first heap   total 32768K, used 23552K [0x00000000c0000000, 0x00000000c0100100, 0x0000000100000000)
  region size 1024K, 2 young (2048K), 1 survivors (1024K)
 Metaspace       used 34624K, capacity 36794K, committed 36992K, reserved 1081344K
  class space    used 3681K, capacity 4378K, committed 4480K, reserved 1048576K
Event: 10.464 GC heap after
Heap after GC invocations=30 (full 0):
 garbage-first heap   total 32768K, used 21503K [0x00000000c0000000, 0x00000000c0100100, 0x0000000100000000)
  region size 1024K, 1 young (1024K), 1 survivors (1024K)
 Metaspace       used 34624K, capacity 36794K, committed 36992K, reserved 1081344K
  class space    used 3681K, capacity 4378K, committed 4480K, reserved 1048576K
}
Event: 10.537 GC heap before
{Heap before GC invocations=30 (full 0):
 garbage-first heap   total 32768K, used 22527K [0x00000000c0000000, 0x00000000c0100100, 0x0000000100000000)
  region size 1024K, 2 young (2048K), 1 survivors (1024K)
 Metaspace       used 34883K, capacity 37018K, committed 37248K, reserved 1081344K
  class space    used 3708K, capacity 4410K, committed 4480K, reserved 1048576K
Event: 10.576 GC heap after
Heap after GC invocations=31 (full 0):
 garbage-first heap   total 32768K, used 19962K [0x00000000c0000000, 0x00000000c0100100, 0x0000000100000000)
  region size 1024K, 1 young (1024K), 1 survivors (1024K)
 Metaspace       used 34883K, capacity 37018K, committed 37248K, reserved 1081344K
  class space    used 3708K, capacity 4410K, committed 4480K, reserved 1048576K
}
Event: 10.739 GC heap before
{Heap before GC invocations=31 (full 0):
 garbage-first heap   total 32768K, used 26106K [0x00000000c0000000, 0x00000000c0100100, 0x0000000100000000)
  region size 1024K, 7 young (7168K), 1 survivors (1024K)
 Metaspace       used 35207K, capacity 37370K, committed 37504K, reserved 1083392K
  class space    used 3739K, capacity 4442K, committed 4480K, reserved 1048576K
Event: 10.766 GC heap after
Heap after GC invocations=32 (full 0):
 garbage-first heap   total 65536K, used 20992K [0x00000000c0000000, 0x00000000c0100200, 0x0000000100000000)
  region size 1024K, 1 young (1024K), 1 survivors (1024K)
 Metaspace       used 35207K, capacity 37370K, committed 37504K, reserved 1083392K
  class space    used 3739K, capacity 4442K, committed 4480K, reserved 1048576K
}
Event: 14.098 GC heap before
{Heap before GC invocations=32 (full 0):
 garbage-first heap   total 65536K, used 52736K [0x00000000c0000000, 0x00000000c0100200, 0x0000000100000000)
  region size 1024K, 32 young (32768K), 1 survivors (1024K)
 Metaspace       used 36414K, capacity 38558K, committed 38912K, reserved 1083392K
  class space    used 3848K, capacity 4581K, committed 4608K, reserved 1048576K
Event: 14.108 GC heap after
Heap after GC invocations=33 (full 0):
 garbage-first heap   total 131072K, used 22528K [0x00000000c0000000, 0x00000000c0100400, 0x0000000100000000)
  region size 1024K, 3 young (3072K), 3 survivors (3072K)
 Metaspace       used 36414K, capacity 38558K, committed 38912K, reserved 1083392K
  class space    used 3848K, capacity 4581K, committed 4608K, reserved 1048576K
}
Event: 18.914 GC heap before
{Heap before GC invocations=33 (full 0):
 garbage-first heap   total 131072K, used 97280K [0x00000000c0000000, 0x00000000c0100400, 0x0000000100000000)
  region size 1024K, 76 young (77824K), 3 survivors (3072K)
 Metaspace       used 38680K, capacity 41074K, committed 41216K, reserved 1085440K
  class space    used 4053K, capacity 4833K, committed 4864K, reserved 1048576K
Event: 18.960 GC heap after
Heap after GC invocations=34 (full 0):
 garbage-first heap   total 131072K, used 29696K [0x00000000c0000000, 0x00000000c0100400, 0x0000000100000000)
  region size 1024K, 10 young (10240K), 10 survivors (10240K)
 Metaspace       used 38680K, capacity 41074K, committed 41216K, reserved 1085440K
  class space    used 4053K, capacity 4833K, committed 4864K, reserved 1048576K
}
Event: 19.634 GC heap before
{Heap before GC invocations=34 (full 0):
 garbage-first heap   total 131072K, used 97280K [0x00000000c0000000, 0x00000000c0100400, 0x0000000100000000)
  region size 1024K, 76 young (77824K), 10 survivors (10240K)
 Metaspace       used 38732K, capacity 41138K, committed 41472K, reserved 1085440K
  class space    used 4053K, capacity 4833K, committed 4864K, reserved 1048576K
Event: 19.721 GC heap after
Heap after GC invocations=35 (full 0):
 garbage-first heap   total 131072K, used 35696K [0x00000000c0000000, 0x00000000c0100400, 0x0000000100000000)
  region size 1024K, 8 young (8192K), 8 survivors (8192K)
 Metaspace       used 38732K, capacity 41138K, committed 41472K, reserved 1085440K
  class space    used 4053K, capacity 4833K, committed 4864K, reserved 1048576K
}
Event: 20.474 GC heap before
{Heap before GC invocations=35 (full 0):
 garbage-first heap   total 131072K, used 106192K [0x00000000c0000000, 0x00000000c0100400, 0x0000000100000000)
  region size 1024K, 76 young (77824K), 8 survivors (8192K)
 Metaspace       used 38797K, capacity 41138K, committed 41472K, reserved 1085440K
  class space    used 4053K, capacity 4833K, committed 4864K, reserved 1048576K
Event: 20.621 GC heap after
Heap after GC invocations=36 (full 0):
 garbage-first heap   total 131072K, used 43871K [0x00000000c0000000, 0x00000000c0100400, 0x0000000100000000)
  region size 1024K, 8 young (8192K), 8 survivors (8192K)
 Metaspace       used 38797K, capacity 41138K, committed 41472K, reserved 1085440K
  class space    used 4053K, capacity 4833K, committed 4864K, reserved 1048576K
}
Event: 20.631 GC heap before
{Heap before GC invocations=36 (full 0):
 garbage-first heap   total 131072K, used 44895K [0x00000000c0000000, 0x00000000c0100400, 0x0000000100000000)
  region size 1024K, 9 young (9216K), 8 survivors (8192K)
 Metaspace       used 38797K, capacity 41138K, committed 41472K, reserved 1085440K
  class space    used 4053K, capacity 4833K, committed 4864K, reserved 1048576K
Event: 20.710 GC heap after
Heap after GC invocations=37 (full 0):
 garbage-first heap   total 131072K, used 44384K [0x00000000c0000000, 0x00000000c0100400, 0x0000000100000000)
  region size 1024K, 1 young (1024K), 1 survivors (1024K)
 Metaspace       used 38797K, capacity 41138K, committed 41472K, reserved 1085440K
  class space    used 4053K, capacity 4833K, committed 4864K, reserved 1048576K
}
Event: 20.753 GC heap before
{Heap before GC invocations=37 (full 0):
 garbage-first heap   total 131072K, used 49504K [0x00000000c0000000, 0x00000000c0100400, 0x0000000100000000)
  region size 1024K, 6 young (6144K), 1 survivors (1024K)
 Metaspace       used 38847K, capacity 41202K, committed 41472K, reserved 1085440K
  class space    used 4053K, capacity 4833K, committed 4864K, reserved 1048576K
Event: 20.788 GC heap after
Heap after GC invocations=38 (full 0):
 garbage-first heap   total 131072K, used 44896K [0x00000000c0000000, 0x00000000c0100400, 0x0000000100000000)
  region size 1024K, 1 young (1024K), 1 survivors (1024K)
 Metaspace       used 38847K, capacity 41202K, committed 41472K, reserved 1085440K
  class space    used 4053K, capacity 4833K, committed 4864K, reserved 1048576K
}
Event: 21.477 GC heap before
{Heap before GC invocations=38 (full 0):
 garbage-first heap   total 131072K, used 109408K [0x00000000c0000000, 0x00000000c0100400, 0x0000000100000000)
  region size 1024K, 64 young (65536K), 1 survivors (1024K)
 Metaspace       used 38914K, capacity 41266K, committed 41472K, reserved 1085440K
  class space    used 4056K, capacity 4833K, committed 4864K, reserved 1048576K
Event: 21.557 GC heap after
Heap after GC invocations=39 (full 0):
 garbage-first heap   total 131072K, used 52576K [0x00000000c0000000, 0x00000000c0100400, 0x0000000100000000)
  region size 1024K, 8 young (8192K), 8 survivors (8192K)
 Metaspace       used 38914K, capacity 41266K, committed 41472K, reserved 1085440K
  class space    used 4056K, capacity 4833K, committed 4864K, reserved 1048576K
}
Event: 21.951 GC heap before
{Heap before GC invocations=39 (full 0):
 garbage-first heap   total 131072K, used 108896K [0x00000000c0000000, 0x00000000c0100400, 0x0000000100000000)
  region size 1024K, 63 young (64512K), 8 survivors (8192K)
 Metaspace       used 38948K, capacity 41330K, committed 41472K, reserved 1085440K
  class space    used 4056K, capacity 4833K, committed 4864K, reserved 1048576K
Event: 22.026 GC heap after
Heap after GC invocations=40 (full 0):
 garbage-first heap   total 131072K, used 59651K [0x00000000c0000000, 0x00000000c0100400, 0x0000000100000000)
  region size 1024K, 7 young (7168K), 7 survivors (7168K)
 Metaspace       used 38948K, capacity 41330K, committed 41472K, reserved 1085440K
  class space    used 4056K, capacity 4833K, committed 4864K, reserved 1048576K
}
Event: 22.053 GC heap before
{Heap before GC invocations=40 (full 0):
 garbage-first heap   total 131072K, used 66819K [0x00000000c0000000, 0x00000000c0100400, 0x0000000100000000)
  region size 1024K, 14 young (14336K), 7 survivors (7168K)
 Metaspace       used 38948K, capacity 41330K, committed 41472K, reserved 1085440K
  class space    used 4056K, capacity 4833K, committed 4864K, reserved 1048576K
Event: 22.153 GC heap after
Heap after GC invocations=41 (full 0):
 garbage-first heap   total 131072K, used 60768K [0x00000000c0000000, 0x00000000c0100400, 0x0000000100000000)
  region size 1024K, 1 young (1024K), 1 survivors (1024K)
 Metaspace       used 38948K, capacity 41330K, committed 41472K, reserved 1085440K
  class space    used 4056K, capacity 4833K, committed 4864K, reserved 1048576K
}
Event: 22.377 GC heap before
{Heap before GC invocations=41 (full 0):
 garbage-first heap   total 131072K, used 87392K [0x00000000c0000000, 0x00000000c0100400, 0x0000000100000000)
  region size 1024K, 28 young (28672K), 1 survivors (1024K)
 Metaspace       used 39054K, capacity 41490K, committed 41856K, reserved 1085440K
  class space    used 4069K, capacity 4865K, committed 4992K, reserved 1048576K
Event: 22.440 GC heap after
Heap after GC invocations=42 (full 0):
 garbage-first heap   total 131072K, used 64352K [0x00000000c0000000, 0x00000000c0100400, 0x0000000100000000)
  region size 1024K, 5 young (5120K), 5 survivors (5120K)
 Metaspace       used 39054K, capacity 41490K, committed 41856K, reserved 1085440K
  class space    used 4069K, capacity 4865K, committed 4992K, reserved 1048576K
}
Event: 23.209 GC heap before
{Heap before GC invocations=43 (full 0):
 garbage-first heap   total 131072K, used 111648K [0x00000000c0000000, 0x00000000c0100400, 0x0000000100000000)
  region size 1024K, 50 young (51200K), 5 survivors (5120K)
 Metaspace       used 39057K, capacity 41490K, committed 41856K, reserved 1085440K
  class space    used 4069K, capacity 4865K, committed 4992K, reserved 1048576K
Event: 23.262 GC heap after
Heap after GC invocations=44 (full 0):
 garbage-first heap   total 131072K, used 70176K [0x00000000c0000000, 0x00000000c0100400, 0x0000000100000000)
  region size 1024K, 7 young (7168K), 7 survivors (7168K)
 Metaspace       used 39057K, capacity 41490K, committed 41856K, reserved 1085440K
  class space    used 4069K, capacity 4865K, committed 4992K, reserved 1048576K
}
Event: 23.305 GC heap before
{Heap before GC invocations=44 (full 0):
 garbage-first heap   total 131072K, used 71200K [0x00000000c0000000, 0x00000000c0100400, 0x0000000100000000)
  region size 1024K, 8 young (8192K), 7 survivors (7168K)
 Metaspace       used 39057K, capacity 41490K, committed 41856K, reserved 1085440K
  class space    used 4069K, capacity 4865K, committed 4992K, reserved 1048576K
Event: 23.369 GC heap after
Heap after GC invocations=45 (full 0):
 garbage-first heap   total 131072K, used 68128K [0x00000000c0000000, 0x00000000c0100400, 0x0000000100000000)
  region size 1024K, 1 young (1024K), 1 survivors (1024K)
 Metaspace       used 39057K, capacity 41490K, committed 41856K, reserved 1085440K
  class space    used 4069K, capacity 4865K, committed 4992K, reserved 1048576K
}
Event: 23.401 GC heap before
{Heap before GC invocations=45 (full 0):
 garbage-first heap   total 131072K, used 73248K [0x00000000c0000000, 0x00000000c0100400, 0x0000000100000000)
  region size 1024K, 6 young (6144K), 1 survivors (1024K)
 Metaspace       used 39057K, capacity 41490K, committed 41856K, reserved 1085440K
  class space    used 4069K, capacity 4865K, committed 4992K, reserved 1048576K

