# JRE version: OpenJDK Runtime Environment (8.0_232-b09) (build 1.8.0_232-b09)
# Java VM: OpenJDK 64-Bit Server VM (25.232-b09 mixed mode linux-amd64 compressed oops)
Heap:
 garbage-first heap   total 419840K, used 67616K [0x00000000c0000000, 0x00000000c0100cd0, 0x0000000100000000)
  region size 1024K, 20 young (20480K), 20 survivors (20480K)
 Metaspace       used 39202K, capacity 41498K, committed 41856K, reserved 1085440K
  class space    used 4072K, capacity 4869K, committed 4992K, reserved 1048576K
GC Heap History (91 events):
Event: 0.986 GC heap before
{Heap before GC invocations=0 (full 0):
 garbage-first heap   total 30720K, used 3072K [0x00000000c0000000, 0x00000000c01000f0, 0x0000000100000000)
  region size 1024K, 3 young (3072K), 0 survivors (0K)
 Metaspace       used 5818K, capacity 5916K, committed 6016K, reserved 1056768K
  class space    used 547K, capacity 601K, committed 640K, reserved 1048576K
Event: 0.992 GC heap after
Heap after GC invocations=1 (full 0):
 garbage-first heap   total 30720K, used 969K [0x00000000c0000000, 0x00000000c01000f0, 0x0000000100000000)
  region size 1024K, 1 young (1024K), 1 survivors (1024K)
 Metaspace       used 5818K, capacity 5916K, committed 6016K, reserved 1056768K
  class space    used 547K, capacity 601K, committed 640K, reserved 1048576K
}
Event: 1.089 GC heap before
{Heap before GC invocations=1 (full 0):
 garbage-first heap   total 30720K, used 3017K [0x00000000c0000000, 0x00000000c01000f0, 0x0000000100000000)
  region size 1024K, 3 young (3072K), 1 survivors (1024K)
 Metaspace       used 6377K, capacity 6556K, committed 6656K, reserved 1056768K
  class space    used 619K, capacity 673K, committed 768K, reserved 1048576K
Event: 1.095 GC heap after
Heap after GC invocations=2 (full 0):
 garbage-first heap   total 30720K, used 1892K [0x00000000c0000000, 0x00000000c01000f0, 0x0000000100000000)
  region size 1024K, 1 young (1024K), 1 survivors (1024K)
 Metaspace       used 6377K, capacity 6556K, committed 6656K, reserved 1056768K
  class space    used 619K, capacity 673K, committed 768K, reserved 1048576K
}
Event: 1.209 GC heap before
{Heap before GC invocations=2 (full 0):
 garbage-first heap   total 30720K, used 7012K [0x00000000c0000000, 0x00000000c01000f0, 0x0000000100000000)
  region size 1024K, 6 young (6144K), 1 survivors (1024K)
 Metaspace       used 6681K, capacity 6926K, committed 7168K, reserved 1056768K
  class space    used 645K, capacity 714K, committed 768K, reserved 1048576K
Event: 1.215 GC heap after
Heap after GC invocations=3 (full 0):
 garbage-first heap   total 30720K, used 3072K [0x00000000c0000000, 0x00000000c01000f0, 0x0000000100000000)
  region size 1024K, 1 young (1024K), 1 survivors (1024K)
 Metaspace       used 6681K, capacity 6926K, committed 7168K, reserved 1056768K
  class space    used 645K, capacity 714K, committed 768K, reserved 1048576K
}
Event: 2.223 GC heap before
{Heap before GC invocations=3 (full 0):
 garbage-first heap   total 30720K, used 20480K [0x00000000c0000000, 0x00000000c01000f0, 0x0000000100000000)
  region size 1024K, 18 young (18432K), 1 survivors (1024K)
 Metaspace       used 10502K, capacity 10998K, committed 11136K, reserved 1058816K
  class space    used 1031K, capacity 1148K, committed 1152K, reserved 1048576K
Event: 2.255 GC heap after
Heap after GC invocations=4 (full 0):
 garbage-first heap   total 30720K, used 8704K [0x00000000c0000000, 0x00000000c01000f0, 0x0000000100000000)
  region size 1024K, 3 young (3072K), 3 survivors (3072K)
 Metaspace       used 10502K, capacity 10998K, committed 11136K, reserved 1058816K
  class space    used 1031K, capacity 1148K, committed 1152K, reserved 1048576K
}
Event: 3.818 GC heap before
{Heap before GC invocations=4 (full 0):
 garbage-first heap   total 30720K, used 20992K [0x00000000c0000000, 0x00000000c01000f0, 0x0000000100000000)
  region size 1024K, 15 young (15360K), 3 survivors (3072K)
 Metaspace       used 16711K, capacity 17612K, committed 17792K, reserved 1064960K
  class space    used 1572K, capacity 1822K, committed 1920K, reserved 1048576K
Event: 3.863 GC heap after
Heap after GC invocations=5 (full 0):
 garbage-first heap   total 30720K, used 14848K [0x00000000c0000000, 0x00000000c01000f0, 0x0000000100000000)
  region size 1024K, 2 young (2048K), 2 survivors (2048K)
 Metaspace       used 16711K, capacity 17612K, committed 17792K, reserved 1064960K
  class space    used 1572K, capacity 1822K, committed 1920K, reserved 1048576K
}
Event: 4.076 GC heap before
{Heap before GC invocations=5 (full 0):
 garbage-first heap   total 30720K, used 25088K [0x00000000c0000000, 0x00000000c01000f0, 0x0000000100000000)
  region size 1024K, 12 young (12288K), 2 survivors (2048K)
 Metaspace       used 17832K, capacity 18766K, committed 18944K, reserved 1067008K
  class space    used 1665K, capacity 1932K, committed 2048K, reserved 1048576K
Event: 4.098 GC heap after
Heap after GC invocations=6 (full 0):
 garbage-first heap   total 30720K, used 16384K [0x00000000c0000000, 0x00000000c01000f0, 0x0000000100000000)
  region size 1024K, 2 young (2048K), 2 survivors (2048K)
 Metaspace       used 17832K, capacity 18766K, committed 18944K, reserved 1067008K
  class space    used 1665K, capacity 1932K, committed 2048K, reserved 1048576K
}
Event: 4.538 GC heap before
{Heap before GC invocations=6 (full 0):
 garbage-first heap   total 30720K, used 24576K [0x00000000c0000000, 0x00000000c01000f0, 0x0000000100000000)
  region size 1024K, 10 young (10240K), 2 survivors (2048K)
 Metaspace       used 19362K, capacity 20354K, committed 20608K, reserved 1067008K
  class space    used 1855K, capacity 2168K, committed 2176K, reserved 1048576K
Event: 4.557 GC heap after
Heap after GC invocations=7 (full 0):
 garbage-first heap   total 30720K, used 17408K [0x00000000c0000000, 0x00000000c01000f0, 0x0000000100000000)
  region size 1024K, 2 young (2048K), 2 survivors (2048K)
 Metaspace       used 19362K, capacity 20354K, committed 20608K, reserved 1067008K
  class space    used 1855K, capacity 2168K, committed 2176K, reserved 1048576K
}
Event: 4.982 GC heap before
{Heap before GC invocations=8 (full 0):
 garbage-first heap   total 30720K, used 21504K [0x00000000c0000000, 0x00000000c01000f0, 0x0000000100000000)
  region size 1024K, 10 young (10240K), 2 survivors (2048K)
 Metaspace       used 20338K, capacity 21326K, committed 21504K, reserved 1069056K
  class space    used 1995K, capacity 2300K, committed 2304K, reserved 1048576K
Event: 5.002 GC heap after
Heap after GC invocations=9 (full 0):
 garbage-first heap   total 30720K, used 13824K [0x00000000c0000000, 0x00000000c01000f0, 0x0000000100000000)
  region size 1024K, 2 young (2048K), 2 survivors (2048K)
 Metaspace       used 20338K, capacity 21326K, committed 21504K, reserved 1069056K
  class space    used 1995K, capacity 2300K, committed 2304K, reserved 1048576K
}
Event: 5.009 GC heap before
{Heap before GC invocations=9 (full 0):
 garbage-first heap   total 30720K, used 14848K [0x00000000c0000000, 0x00000000c01000f0, 0x0000000100000000)
  region size 1024K, 3 young (3072K), 2 survivors (2048K)
 Metaspace       used 20356K, capacity 21326K, committed 21504K, reserved 1069056K
  class space    used 2004K, capacity 2300K, committed 2304K, reserved 1048576K
Event: 5.035 GC heap after
Heap after GC invocations=10 (full 0):
 garbage-first heap   total 30720K, used 11102K [0x00000000c0000000, 0x00000000c01000f0, 0x0000000100000000)
  region size 1024K, 1 young (1024K), 1 survivors (1024K)
 Metaspace       used 20356K, capacity 21326K, committed 21504K, reserved 1069056K
  class space    used 2004K, capacity 2300K, committed 2304K, reserved 1048576K
}
Event: 5.044 GC heap before
{Heap before GC invocations=10 (full 0):
 garbage-first heap   total 30720K, used 12126K [0x00000000c0000000, 0x00000000c01000f0, 0x0000000100000000)
  region size 1024K, 2 young (2048K), 1 survivors (1024K)
 Metaspace       used 20369K, capacity 21326K, committed 21504K, reserved 1069056K
  class space    used 2007K, capacity 2300K, committed 2304K, reserved 1048576K
Event: 5.083 GC heap after
Heap after GC invocations=11 (full 0):
 garbage-first heap   total 30720K, used 11263K [0x00000000c0000000, 0x00000000c01000f0, 0x0000000100000000)
  region size 1024K, 1 young (1024K), 1 survivors (1024K)
 Metaspace       used 20369K, capacity 21326K, committed 21504K, reserved 1069056K
  class space    used 2007K, capacity 2300K, committed 2304K, reserved 1048576K
}
Event: 5.672 GC heap before
{Heap before GC invocations=11 (full 0):
 garbage-first heap   total 30720K, used 25599K [0x00000000c0000000, 0x00000000c01000f0, 0x0000000100000000)
  region size 1024K, 15 young (15360K), 1 survivors (1024K)
 Metaspace       used 22093K, capacity 23084K, committed 23424K, reserved 1071104K
  class space    used 2224K, capacity 2563K, committed 2688K, reserved 1048576K
Event: 5.683 GC heap after
Heap after GC invocations=12 (full 0):
 garbage-first heap   total 30720K, used 13824K [0x00000000c0000000, 0x00000000c01000f0, 0x0000000100000000)
  region size 1024K, 2 young (2048K), 2 survivors (2048K)
 Metaspace       used 22093K, capacity 23084K, committed 23424K, reserved 1071104K
  class space    used 2224K, capacity 2563K, committed 2688K, reserved 1048576K
}
Event: 6.065 GC heap before
{Heap before GC invocations=12 (full 0):
 garbage-first heap   total 30720K, used 25088K [0x00000000c0000000, 0x00000000c01000f0, 0x0000000100000000)
  region size 1024K, 13 young (13312K), 2 survivors (2048K)
 Metaspace       used 24039K, capacity 25158K, committed 25472K, reserved 1071104K
  class space    used 2474K, capacity 2827K, committed 2944K, reserved 1048576K
Event: 6.150 GC heap after
Heap after GC invocations=13 (full 0):
 garbage-first heap   total 30720K, used 15360K [0x00000000c0000000, 0x00000000c01000f0, 0x0000000100000000)
  region size 1024K, 2 young (2048K), 2 survivors (2048K)
 Metaspace       used 24039K, capacity 25158K, committed 25472K, reserved 1071104K
  class space    used 2474K, capacity 2827K, committed 2944K, reserved 1048576K
}
Event: 7.130 GC heap before
{Heap before GC invocations=13 (full 0):
 garbage-first heap   total 30720K, used 25600K [0x00000000c0000000, 0x00000000c01000f0, 0x0000000100000000)
  region size 1024K, 12 young (12288K), 2 survivors (2048K)
 Metaspace       used 24511K, capacity 25612K, committed 25728K, reserved 1073152K
  class space    used 2550K, capacity 2893K, committed 2944K, reserved 1048576K
Event: 7.139 GC heap after
Heap after GC invocations=14 (full 0):
 garbage-first heap   total 30720K, used 16383K [0x00000000c0000000, 0x00000000c01000f0, 0x0000000100000000)
  region size 1024K, 2 young (2048K), 2 survivors (2048K)
 Metaspace       used 24511K, capacity 25612K, committed 25728K, reserved 1073152K
  class space    used 2550K, capacity 2893K, committed 2944K, reserved 1048576K
}
Event: 7.368 GC heap before
{Heap before GC invocations=14 (full 0):
 garbage-first heap   total 30720K, used 25599K [0x00000000c0000000, 0x00000000c01000f0, 0x0000000100000000)
  region size 1024K, 11 young (11264K), 2 survivors (2048K)
 Metaspace       used 25016K, capacity 26214K, committed 26368K, reserved 1073152K
  class space    used 2624K, capacity 3011K, committed 3072K, reserved 1048576K
Event: 7.378 GC heap after
Heap after GC invocations=15 (full 0):
 garbage-first heap   total 30720K, used 17334K [0x00000000c0000000, 0x00000000c01000f0, 0x0000000100000000)
  region size 1024K, 2 young (2048K), 2 survivors (2048K)
 Metaspace       used 25016K, capacity 26214K, committed 26368K, reserved 1073152K
  class space    used 2624K, capacity 3011K, committed 3072K, reserved 1048576K
}
Event: 7.593 GC heap before
{Heap before GC invocations=16 (full 0):
 garbage-first heap   total 30720K, used 21430K [0x00000000c0000000, 0x00000000c01000f0, 0x0000000100000000)
  region size 1024K, 10 young (10240K), 2 survivors (2048K)
 Metaspace       used 25367K, capacity 26570K, committed 26624K, reserved 1073152K
  class space    used 2646K, capacity 3043K, committed 3072K, reserved 1048576K
Event: 7.603 GC heap after
Heap after GC invocations=17 (full 0):
 garbage-first heap   total 30720K, used 13238K [0x00000000c0000000, 0x00000000c01000f0, 0x0000000100000000)
  region size 1024K, 2 young (2048K), 2 survivors (2048K)
 Metaspace       used 25367K, capacity 26570K, committed 26624K, reserved 1073152K
  class space    used 2646K, capacity 3043K, committed 3072K, reserved 1048576K
}
Event: 7.606 GC heap before
{Heap before GC invocations=17 (full 0):
 garbage-first heap   total 30720K, used 14262K [0x00000000c0000000, 0x00000000c01000f0, 0x0000000100000000)
  region size 1024K, 3 young (3072K), 2 survivors (2048K)
 Metaspace       used 25367K, capacity 26570K, committed 26624K, reserved 1073152K
  class space    used 2646K, capacity 3043K, committed 3072K, reserved 1048576K
Event: 7.620 GC heap after
Heap after GC invocations=18 (full 0):
 garbage-first heap   total 30720K, used 11763K [0x00000000c0000000, 0x00000000c01000f0, 0x0000000100000000)
  region size 1024K, 1 young (1024K), 1 survivors (1024K)
 Metaspace       used 25367K, capacity 26570K, committed 26624K, reserved 1073152K
  class space    used 2646K, capacity 3043K, committed 3072K, reserved 1048576K
}
Event: 7.625 GC heap before
{Heap before GC invocations=18 (full 0):
 garbage-first heap   total 30720K, used 12787K [0x00000000c0000000, 0x00000000c01000f0, 0x0000000100000000)
  region size 1024K, 2 young (2048K), 1 survivors (1024K)
 Metaspace       used 25367K, capacity 26570K, committed 26624K, reserved 1073152K
  class space    used 2646K, capacity 3043K, committed 3072K, reserved 1048576K
Event: 7.637 GC heap after
Heap after GC invocations=19 (full 0):
 garbage-first heap   total 30720K, used 10641K [0x00000000c0000000, 0x00000000c01000f0, 0x0000000100000000)
  region size 1024K, 1 young (1024K), 1 survivors (1024K)
 Metaspace       used 25367K, capacity 26570K, committed 26624K, reserved 1073152K
  class space    used 2646K, capacity 3043K, committed 3072K, reserved 1048576K
}
Event: 7.979 GC heap before
{Heap before GC invocations=19 (full 0):
 garbage-first heap   total 30720K, used 24977K [0x00000000c0000000, 0x00000000c01000f0, 0x0000000100000000)
  region size 1024K, 15 young (15360K), 1 survivors (1024K)
 Metaspace       used 26291K, capacity 27616K, committed 27776K, reserved 1073152K
  class space    used 2740K, capacity 3190K, committed 3200K, reserved 1048576K
Event: 7.994 GC heap after
Heap after GC invocations=20 (full 0):
 garbage-first heap   total 30720K, used 14388K [0x00000000c0000000, 0x00000000c01000f0, 0x0000000100000000)
  region size 1024K, 2 young (2048K), 2 survivors (2048K)
 Metaspace       used 26291K, capacity 27616K, committed 27776K, reserved 1073152K
  class space    used 2740K, capacity 3190K, committed 3200K, reserved 1048576K
}
Event: 8.667 GC heap before
{Heap before GC invocations=20 (full 0):
 garbage-first heap   total 30720K, used 24628K [0x00000000c0000000, 0x00000000c01000f0, 0x0000000100000000)
  region size 1024K, 12 young (12288K), 2 survivors (2048K)
 Metaspace       used 29385K, capacity 31116K, committed 31360K, reserved 1077248K
  class space    used 3088K, capacity 3684K, committed 3712K, reserved 1048576K
Event: 8.680 GC heap after
Heap after GC invocations=21 (full 0):
 garbage-first heap   total 32768K, used 19968K [0x00000000c0000000, 0x00000000c0100100, 0x0000000100000000)
  region size 1024K, 2 young (2048K), 2 survivors (2048K)
 Metaspace       used 29385K, capacity 31116K, committed 31360K, reserved 1077248K
  class space    used 3088K, capacity 3684K, committed 3712K, reserved 1048576K
}
Event: 9.174 GC heap before
{Heap before GC invocations=21 (full 0):
 garbage-first heap   total 32768K, used 26112K [0x00000000c0000000, 0x00000000c0100100, 0x0000000100000000)
  region size 1024K, 8 young (8192K), 2 survivors (2048K)
 Metaspace       used 31048K, capacity 32722K, committed 32896K, reserved 1079296K
  class space    used 3280K, capacity 3874K, committed 3968K, reserved 1048576K
Event: 9.188 GC heap after
Heap after GC invocations=22 (full 0):
 garbage-first heap   total 32768K, used 22016K [0x00000000c0000000, 0x00000000c0100100, 0x0000000100000000)
  region size 1024K, 1 young (1024K), 1 survivors (1024K)
 Metaspace       used 31048K, capacity 32722K, committed 32896K, reserved 1079296K
  class space    used 3280K, capacity 3874K, committed 3968K, reserved 1048576K
}
Event: 9.309 GC heap before
{Heap before GC invocations=22 (full 0):
 garbage-first heap   total 32768K, used 27136K [0x00000000c0000000, 0x00000000c0100100, 0x0000000100000000)
  region size 1024K, 6 young (6144K), 1 survivors (1024K)
 Metaspace       used 31293K, capacity 32914K, committed 33152K, reserved 1079296K
  class space    used 3310K, capacity 3874K, committed 3968K, reserved 1048576K
Event: 9.318 GC heap after
Heap after GC invocations=23 (full 0):
 garbage-first heap   total 32768K, used 22528K [0x00000000c0000000, 0x00000000c0100100, 0x0000000100000000)
  region size 1024K, 1 young (1024K), 1 survivors (1024K)
 Metaspace       used 31293K, capacity 32914K, committed 33152K, reserved 1079296K
  class space    used 3310K, capacity 3874K, committed 3968K, reserved 1048576K
}
Event: 9.389 GC heap before
{Heap before GC invocations=24 (full 0):
 garbage-first heap   total 32768K, used 24576K [0x00000000c0000000, 0x00000000c0100100, 0x0000000100000000)
  region size 1024K, 6 young (6144K), 1 survivors (1024K)
 Metaspace       used 31411K, capacity 33106K, committed 33408K, reserved 1079296K
  class space    used 3319K, capacity 3874K, committed 3968K, reserved 1048576K
Event: 9.404 GC heap after
Heap after GC invocations=25 (full 0):
 garbage-first heap   total 32768K, used 19967K [0x00000000c0000000, 0x00000000c0100100, 0x0000000100000000)
  region size 1024K, 1 young (1024K), 1 survivors (1024K)
 Metaspace       used 31411K, capacity 33106K, committed 33408K, reserved 1079296K
  class space    used 3319K, capacity 3874K, committed 3968K, reserved 1048576K
}
Event: 9.433 GC heap before
{Heap before GC invocations=25 (full 0):
 garbage-first heap   total 32768K, used 20991K [0x00000000c0000000, 0x00000000c0100100, 0x0000000100000000)
  region size 1024K, 2 young (2048K), 1 survivors (1024K)
 Metaspace       used 31445K, capacity 33170K, committed 33408K, reserved 1079296K
  class space    used 3325K, capacity 3874K, committed 3968K, reserved 1048576K
Event: 9.451 GC heap after
Heap after GC invocations=26 (full 0):
 garbage-first heap   total 32768K, used 17867K [0x00000000c0000000, 0x00000000c0100100, 0x0000000100000000)
  region size 1024K, 1 young (1024K), 1 survivors (1024K)
 Metaspace       used 31445K, capacity 33170K, committed 33408K, reserved 1079296K
  class space    used 3325K, capacity 3874K, committed 3968K, reserved 1048576K
}
Event: 9.466 GC heap before
{Heap before GC invocations=26 (full 0):
 garbage-first heap   total 32768K, used 18891K [0x00000000c0000000, 0x00000000c0100100, 0x0000000100000000)
  region size 1024K, 2 young (2048K), 1 survivors (1024K)
 Metaspace       used 31470K, capacity 33218K, committed 33408K, reserved 1079296K
  class space    used 3334K, capacity 3914K, committed 3968K, reserved 1048576K
Event: 9.483 GC heap after
Heap after GC invocations=27 (full 0):
 garbage-first heap   total 32768K, used 16137K [0x00000000c0000000, 0x00000000c0100100, 0x0000000100000000)
  region size 1024K, 1 young (1024K), 1 survivors (1024K)
 Metaspace       used 31470K, capacity 33218K, committed 33408K, reserved 1079296K
  class space    used 3334K, capacity 3914K, committed 3968K, reserved 1048576K
}
Event: 9.800 GC heap before
{Heap before GC invocations=27 (full 0):
 garbage-first heap   total 32768K, used 26377K [0x00000000c0000000, 0x00000000c0100100, 0x0000000100000000)
  region size 1024K, 11 young (11264K), 1 survivors (1024K)
 Metaspace       used 32967K, capacity 34898K, committed 35072K, reserved 1081344K
  class space    used 3484K, capacity 4088K, committed 4096K, reserved 1048576K
Event: 9.823 GC heap after
Heap after GC invocations=28 (full 0):
 garbage-first heap   total 32768K, used 18944K [0x00000000c0000000, 0x00000000c0100100, 0x0000000100000000)
  region size 1024K, 2 young (2048K), 2 survivors (2048K)
 Metaspace       used 32967K, capacity 34898K, committed 35072K, reserved 1081344K
  class space    used 3484K, capacity 4088K, committed 4096K, reserved 1048576K
}
Event: 10.093 GC heap before
{Heap before GC invocations=28 (full 0):
 garbage-first heap   total 32768K, used 26112K [0x00000000c0000000, 0x00000000c0100100, 0x0000000100000000)
  region size 1024K, 9 young (9216K), 2 survivors (2048K)
 Metaspace       used 34317K, capacity 36372K, committed 36608K, reserved 1081344K
  class space    used 3639K, capacity 4345K, committed 4352K, reserved 1048576K
Event: 10.127 GC heap after
Heap after GC invocations=29 (full 0):
 garbage-first heap   total 32768K, used 21504K [0x00000000c0000000, 0x00000000c0100100, 0x0000000100000000)
  region size 1024K, 2 young (2048K), 2 survivors (2048K)
 Metaspace       used 34317K, capacity 36372K, committed 36608K, reserved 1081344K
  class space    used 3639K, capacity 4345K, committed 4352K, reserved 1048576K
}
Event: 10.673 GC heap before
{Heap before GC invocations=30 (full 0):
 garbage-first heap   total 32768K, used 24576K [0x00000000c0000000, 0x00000000c0100100, 0x0000000100000000)
  region size 1024K, 7 young (7168K), 2 survivors (2048K)
 Metaspace       used 35167K, capacity 37306K, committed 37504K, reserved 1083392K
  class space    used 3730K, capacity 4442K, committed 4480K, reserved 1048576K
Event: 10.692 GC heap after
Heap after GC invocations=31 (full 0):
 garbage-first heap   total 32768K, used 20992K [0x00000000c0000000, 0x00000000c0100100, 0x0000000100000000)
  region size 1024K, 1 young (1024K), 1 survivors (1024K)
 Metaspace       used 35167K, capacity 37306K, committed 37504K, reserved 1083392K
  class space    used 3730K, capacity 4442K, committed 4480K, reserved 1048576K
}
Event: 10.715 GC heap before
{Heap before GC invocations=31 (full 0):
 garbage-first heap   total 32768K, used 22016K [0x00000000c0000000, 0x00000000c0100100, 0x0000000100000000)
  region size 1024K, 2 young (2048K), 1 survivors (1024K)
 Metaspace       used 35171K, capacity 37306K, committed 37504K, reserved 1083392K
  class space    used 3730K, capacity 4442K, committed 4480K, reserved 1048576K
Event: 10.735 GC heap after
Heap after GC invocations=32 (full 0):
 garbage-first heap   total 32768K, used 18943K [0x00000000c0000000, 0x00000000c0100100, 0x0000000100000000)
  region size 1024K, 1 young (1024K), 1 survivors (1024K)
 Metaspace       used 35171K, capacity 37306K, committed 37504K, reserved 1083392K
  class space    used 3730K, capacity 4442K, committed 4480K, reserved 1048576K
}
Event: 10.811 GC heap before
{Heap before GC invocations=32 (full 0):
 garbage-first heap   total 32768K, used 26111K [0x00000000c0000000, 0x00000000c0100100, 0x0000000100000000)
  region size 1024K, 8 young (8192K), 1 survivors (1024K)
 Metaspace       used 35212K, capacity 37370K, committed 37504K, reserved 1083392K
  class space    used 3730K, capacity 4442K, committed 4480K, reserved 1048576K
Event: 10.832 GC heap after
Heap after GC invocations=33 (full 0):
 garbage-first heap   total 32768K, used 19410K [0x00000000c0000000, 0x00000000c0100100, 0x0000000100000000)
  region size 1024K, 1 young (1024K), 1 survivors (1024K)
 Metaspace       used 35212K, capacity 37370K, committed 37504K, reserved 1083392K
  class space    used 3730K, capacity 4442K, committed 4480K, reserved 1048576K
}
Event: 10.935 GC heap before
{Heap before GC invocations=33 (full 0):
 garbage-first heap   total 32768K, used 26578K [0x00000000c0000000, 0x00000000c0100100, 0x0000000100000000)
  region size 1024K, 8 young (8192K), 1 survivors (1024K)
 Metaspace       used 35281K, capacity 37434K, committed 37504K, reserved 1083392K
  class space    used 3733K, capacity 4442K, committed 4480K, reserved 1048576K
Event: 10.947 GC heap after
Heap after GC invocations=34 (full 0):
 garbage-first heap   total 32768K, used 20992K [0x00000000c0000000, 0x00000000c0100100, 0x0000000100000000)
  region size 1024K, 1 young (1024K), 1 survivors (1024K)
 Metaspace       used 35281K, capacity 37434K, committed 37504K, reserved 1083392K
  class space    used 3733K, capacity 4442K, committed 4480K, reserved 1048576K
}
Event: 11.421 GC heap before
{Heap before GC invocations=35 (full 0):
 garbage-first heap   total 32768K, used 27136K [0x00000000c0000000, 0x00000000c0100100, 0x0000000100000000)
  region size 1024K, 7 young (7168K), 1 survivors (1024K)
 Metaspace       used 35857K, capacity 38008K, committed 38144K, reserved 1083392K
  class space    used 3800K, capacity 4548K, committed 4608K, reserved 1048576K
Event: 11.437 GC heap after
Heap after GC invocations=36 (full 0):
 garbage-first heap   total 65536K, used 23040K [0x00000000c0000000, 0x00000000c0100200, 0x0000000100000000)
  region size 1024K, 1 young (1024K), 1 survivors (1024K)
 Metaspace       used 35857K, capacity 38008K, committed 38144K, reserved 1083392K
  class space    used 3800K, capacity 4548K, committed 4608K, reserved 1048576K
}
Event: 11.521 GC heap before
{Heap before GC invocations=36 (full 0):
 garbage-first heap   total 65536K, used 25088K [0x00000000c0000000, 0x00000000c0100200, 0x0000000100000000)
  region size 1024K, 3 young (3072K), 1 survivors (1024K)
 Metaspace       used 35889K, capacity 38072K, committed 38400K, reserved 1083392K
  class space    used 3801K, capacity 4548K, committed 4608K, reserved 1048576K
Event: 11.532 GC heap after
Heap after GC invocations=37 (full 0):
 garbage-first heap   total 65536K, used 23039K [0x00000000c0000000, 0x00000000c0100200, 0x0000000100000000)
  region size 1024K, 1 young (1024K), 1 survivors (1024K)
 Metaspace       used 35889K, capacity 38072K, committed 38400K, reserved 1083392K
  class space    used 3801K, capacity 4548K, committed 4608K, reserved 1048576K
}
Event: 13.423 GC heap before
{Heap before GC invocations=37 (full 0):
 garbage-first heap   total 65536K, used 52735K [0x00000000c0000000, 0x00000000c0100200, 0x0000000100000000)
  region size 1024K, 30 young (30720K), 1 survivors (1024K)
 Metaspace       used 37674K, capacity 39994K, committed 40192K, reserved 1085440K
  class space    used 3976K, capacity 4795K, committed 4864K, reserved 1048576K
Event: 13.444 GC heap after
Heap after GC invocations=38 (full 0):
 garbage-first heap   total 65536K, used 25635K [0x00000000c0000000, 0x00000000c0100200, 0x0000000100000000)
  region size 1024K, 4 young (4096K), 4 survivors (4096K)
 Metaspace       used 37674K, capacity 39994K, committed 40192K, reserved 1085440K
  class space    used 3976K, capacity 4795K, committed 4864K, reserved 1048576K
}
Event: 14.672 GC heap before
{Heap before GC invocations=38 (full 0):
 garbage-first heap   total 65536K, used 53283K [0x00000000c0000000, 0x00000000c0100200, 0x0000000100000000)
  region size 1024K, 31 young (31744K), 4 survivors (4096K)
 Metaspace       used 38528K, capacity 40750K, committed 40960K, reserved 1085440K
  class space    used 4043K, capacity 4833K, committed 4864K, reserved 1048576K
Event: 14.690 GC heap after
Heap after GC invocations=39 (full 0):
 garbage-first heap   total 65536K, used 26112K [0x00000000c0000000, 0x00000000c0100200, 0x0000000100000000)
  region size 1024K, 4 young (4096K), 4 survivors (4096K)
 Metaspace       used 38528K, capacity 40750K, committed 40960K, reserved 1085440K
  class space    used 4043K, capacity 4833K, committed 4864K, reserved 1048576K
}
Event: 15.025 GC heap before
{Heap before GC invocations=39 (full 0):
 garbage-first heap   total 65536K, used 53760K [0x00000000c0000000, 0x00000000c0100200, 0x0000000100000000)
  region size 1024K, 31 young (31744K), 4 survivors (4096K)
 Metaspace       used 38632K, capacity 40942K, committed 41216K, reserved 1085440K
  class space    used 4043K, capacity 4833K, committed 4864K, reserved 1048576K
Event: 15.049 GC heap after
Heap after GC invocations=40 (full 0):
 garbage-first heap   total 65536K, used 28744K [0x00000000c0000000, 0x00000000c0100200, 0x0000000100000000)
  region size 1024K, 4 young (4096K), 4 survivors (4096K)
 Metaspace       used 38632K, capacity 40942K, committed 41216K, reserved 1085440K
  class space    used 4043K, capacity 4833K, committed 4864K, reserved 1048576K
}
Event: 15.243 GC heap before
{Heap before GC invocations=40 (full 0):
 garbage-first heap   total 65536K, used 53320K [0x00000000c0000000, 0x00000000c0100200, 0x0000000100000000)
  region size 1024K, 28 young (28672K), 4 survivors (4096K)
 Metaspace       used 38656K, capacity 40942K, committed 41216K, reserved 1085440K
  class space    used 4043K, capacity 4833K, committed 4864K, reserved 1048576K
Event: 15.270 GC heap after
Heap after GC invocations=41 (full 0):
 garbage-first heap   total 65536K, used 33279K [0x00000000c0000000, 0x00000000c0100200, 0x0000000100000000)
  region size 1024K, 4 young (4096K), 4 survivors (4096K)
 Metaspace       used 38656K, capacity 40942K, committed 41216K, reserved 1085440K
  class space    used 4043K, capacity 4833K, committed 4864K, reserved 1048576K
}
Event: 15.437 GC heap before
{Heap before GC invocations=41 (full 0):
 garbage-first heap   total 65536K, used 53759K [0x00000000c0000000, 0x00000000c0100200, 0x0000000100000000)
  region size 1024K, 24 young (24576K), 4 survivors (4096K)
 Metaspace       used 38674K, capacity 40942K, committed 41216K, reserved 1085440K
  class space    used 4043K, capacity 4833K, committed 4864K, reserved 1048576K
Event: 15.488 GC heap after
Heap after GC invocations=42 (full 0):
 garbage-first heap   total 65536K, used 35839K [0x00000000c0000000, 0x00000000c0100200, 0x0000000100000000)
  region size 1024K, 3 young (3072K), 3 survivors (3072K)
 Metaspace       used 38674K, capacity 40942K, committed 41216K, reserved 1085440K
  class space    used 4043K, capacity 4833K, committed 4864K, reserved 1048576K
}
Event: 15.727 GC heap before
{Heap before GC invocations=42 (full 0):
 garbage-first heap   total 65536K, used 55295K [0x00000000c0000000, 0x00000000c0100200, 0x0000000100000000)
  region size 1024K, 22 young (22528K), 3 survivors (3072K)
 Metaspace       used 38678K, capacity 40942K, committed 41216K, reserved 1085440K
  class space    used 4043K, capacity 4833K, committed 4864K, reserved 1048576K
Event: 15.775 GC heap after
Heap after GC invocations=43 (full 0):
 garbage-first heap   total 65536K, used 38831K [0x00000000c0000000, 0x00000000c0100200, 0x0000000100000000)
  region size 1024K, 3 young (3072K), 3 survivors (3072K)
 Metaspace       used 38678K, capacity 40942K, committed 41216K, reserved 1085440K
  class space    used 4043K, capacity 4833K, committed 4864K, reserved 1048576K
}
Event: 15.945 GC heap before
{Heap before GC invocations=44 (full 0):
 garbage-first heap   total 65536K, used 55215K [0x00000000c0000000, 0x00000000c0100200, 0x0000000100000000)
  region size 1024K, 19 young (19456K), 3 survivors (3072K)
 Metaspace       used 38688K, capacity 40942K, committed 41216K, reserved 1085440K
  class space    used 4043K, capacity 4833K, committed 4864K, reserved 1048576K
Event: 15.970 GC heap after
Heap after GC invocations=45 (full 0):
 garbage-first heap   total 65536K, used 40960K [0x00000000c0000000, 0x00000000c0100200, 0x0000000100000000)
  region size 1024K, 3 young (3072K), 3 survivors (3072K)
 Metaspace       used 38688K, capacity 40942K, committed 41216K, reserved 1085440K
  class space    used 4043K, capacity 4833K, committed 4864K, reserved 1048576K
}
Event: 15.979 GC heap before
{Heap before GC invocations=45 (full 0):
 garbage-first heap   total 65536K, used 41984K [0x00000000c0000000, 0x00000000c0100200, 0x0000000100000000)
  region size 1024K, 4 young (4096K), 3 survivors (3072K)
 Metaspace       used 38688K, capacity 40942K, committed 41216K, reserved 1085440K
  class space    used 4043K, capacity 4833K, committed 4864K, reserved 1048576K
Event: 16.002 GC heap after
Heap after GC invocations=46 (full 0):
 garbage-first heap   total 65536K, used 35327K [0x00000000c0000000, 0x00000000c0100200, 0x0000000100000000)
  region size 1024K, 1 young (1024K), 1 survivors (1024K)
 Metaspace       used 38688K, capacity 40942K, committed 41216K, reserved 1085440K
  class space    used 4043K, capacity 4833K, committed 4864K, reserved 1048576K
}
Event: 16.023 GC heap before
{Heap before GC invocations=46 (full 0):
 garbage-first heap   total 65536K, used 37375K [0x00000000c0000000, 0x00000000c0100200, 0x0000000100000000)
  region size 1024K, 3 young (3072K), 1 survivors (1024K)
 Metaspace       used 38688K, capacity 40942K, committed 41216K, reserved 1085440K
  class space    used 4043K, capacity 4833K, committed 4864K, reserved 1048576K
Event: 16.045 GC heap after
Heap after GC invocations=47 (full 0):
 garbage-first heap   total 65536K, used 34807K [0x00000000c0000000, 0x00000000c0100200, 0x0000000100000000)
  region size 1024K, 1 young (1024K), 1 survivors (1024K)
 Metaspace       used 38688K, capacity 40942K, committed 41216K, reserved 1085440K
  class space    used 4043K, capacity 4833K, committed 4864K, reserved 1048576K
}
Event: 16.187 GC heap before
{Heap before GC invocations=47 (full 0):
 garbage-first heap   total 65536K, used 55287K [0x00000000c0000000, 0x00000000c0100200, 0x0000000100000000)
  region size 1024K, 21 young (21504K), 1 survivors (1024K)
 Metaspace       used 38691K, capacity 40942K, committed 41216K, reserved 1085440K
  class space    used 4043K, capacity 4833K, committed 4864K, reserved 1048576K
Event: 16.220 GC heap after
Heap after GC invocations=48 (full 0):
 garbage-first heap   total 65536K, used 36718K [0x00000000c0000000, 0x00000000c0100200, 0x0000000100000000)
  region size 1024K, 3 young (3072K), 3 survivors (3072K)
 Metaspace       used 38691K, capacity 40942K, committed 41216K, reserved 1085440K
  class space    used 4043K, capacity 4833K, committed 4864K, reserved 1048576K
}
Event: 16.303 GC heap before
{Heap before GC invocations=48 (full 0):
 garbage-first heap   total 65536K, used 52078K [0x00000000c0000000, 0x00000000c0100200, 0x0000000100000000)
  region size 1024K, 19 young (19456K), 3 survivors (3072K)
 Metaspace       used 38695K, capacity 40942K, committed 41216K, reserved 1085440K
  class space    used 4043K, capacity 4833K, committed 4864K, reserved 1048576K
Event: 16.337 GC heap after
Heap after GC invocations=49 (full 0):
 garbage-first heap   total 65536K, used 38887K [0x00000000c0000000, 0x00000000c0100200, 0x0000000100000000)
  region size 1024K, 3 young (3072K), 3 survivors (3072K)
 Metaspace       used 38695K, capacity 40942K, committed 41216K, reserved 1085440K
  class space    used 4043K, capacity 4833K, committed 4864K, reserved 1048576K
}
Event: 16.554 GC heap before
{Heap before GC invocations=49 (full 0):
 garbage-first heap   total 65536K, used 55111K [0x00000000c0000000, 0x00000000c0100200, 0x0000000100000000)
  region size 1024K, 18 young (18432K), 3 survivors (3072K)
 Metaspace       used 38706K, capacity 40942K, committed 41216K, reserved 1085440K
  class space    used 4043K, capacity 4833K, committed 4864K, reserved 1048576K
Event: 16.608 GC heap after
Heap after GC invocations=50 (full 0):
 garbage-first heap   total 131072K, used 42336K [0x00000000c0000000, 0x00000000c0100400, 0x0000000100000000)
  region size 1024K, 3 young (3072K), 3 survivors (3072K)
 Metaspace       used 38706K, capacity 40942K, committed 41216K, reserved 1085440K
  class space    used 4043K, capacity 4833K, committed 4864K, reserved 1048576K
}
Event: 17.321 GC heap before
{Heap before GC invocations=51 (full 0):
 garbage-first heap   total 131072K, used 108896K [0x00000000c0000000, 0x00000000c0100400, 0x0000000100000000)
  region size 1024K, 68 young (69632K), 3 survivors (3072K)
 Metaspace       used 38821K, capacity 41070K, committed 41216K, reserved 1085440K
  class space    used 4045K, capacity 4833K, committed 4864K, reserved 1048576K
Event: 17.374 GC heap after
Heap after GC invocations=52 (full 0):
 garbage-first heap   total 262144K, used 50016K [0x00000000c0000000, 0x00000000c0100800, 0x0000000100000000)
  region size 1024K, 9 young (9216K), 9 survivors (9216K)
 Metaspace       used 38821K, capacity 41070K, committed 41216K, reserved 1085440K
  class space    used 4045K, capacity 4833K, committed 4864K, reserved 1048576K
}
Event: 18.912 GC heap before
{Heap before GC invocations=52 (full 0):
 garbage-first heap   total 262144K, used 199200K [0x00000000c0000000, 0x00000000c0100800, 0x0000000100000000)
  region size 1024K, 153 young (156672K), 9 survivors (9216K)
 Metaspace       used 39202K, capacity 41498K, committed 41856K, reserved 1085440K
  class space    used 4072K, capacity 4869K, committed 4992K, reserved 1048576K

