# JRE version: OpenJDK Runtime Environment (8.0_232-b09) (build 1.8.0_232-b09)
# Java VM: OpenJDK 64-Bit Server VM (25.232-b09 mixed mode linux-amd64 compressed oops)
Heap:
 garbage-first heap   total 253952K, used 75296K [0x00000000c0000000, 0x00000000c01007c0, 0x0000000100000000)
  region size 1024K, 5 young (5120K), 5 survivors (5120K)
 Metaspace       used 40556K, capacity 43052K, committed 43264K, reserved 1087488K
  class space    used 4253K, capacity 5072K, committed 5120K, reserved 1048576K
GC Heap History (83 events):
Event: 0.957 GC heap before
{Heap before GC invocations=0 (full 0):
 garbage-first heap   total 30720K, used 3072K [0x00000000c0000000, 0x00000000c01000f0, 0x0000000100000000)
  region size 1024K, 3 young (3072K), 0 survivors (0K)
 Metaspace       used 5829K, capacity 5916K, committed 6016K, reserved 1056768K
  class space    used 547K, capacity 601K, committed 640K, reserved 1048576K
Event: 0.963 GC heap after
Heap after GC invocations=1 (full 0):
 garbage-first heap   total 30720K, used 969K [0x00000000c0000000, 0x00000000c01000f0, 0x0000000100000000)
  region size 1024K, 1 young (1024K), 1 survivors (1024K)
 Metaspace       used 5829K, capacity 5916K, committed 6016K, reserved 1056768K
  class space    used 547K, capacity 601K, committed 640K, reserved 1048576K
}
Event: 1.199 GC heap before
{Heap before GC invocations=1 (full 0):
 garbage-first heap   total 30720K, used 3017K [0x00000000c0000000, 0x00000000c01000f0, 0x0000000100000000)
  region size 1024K, 3 young (3072K), 1 survivors (1024K)
 Metaspace       used 6392K, capacity 6556K, committed 6656K, reserved 1056768K
  class space    used 619K, capacity 673K, committed 768K, reserved 1048576K
Event: 1.205 GC heap after
Heap after GC invocations=2 (full 0):
 garbage-first heap   total 30720K, used 1891K [0x00000000c0000000, 0x00000000c01000f0, 0x0000000100000000)
  region size 1024K, 1 young (1024K), 1 survivors (1024K)
 Metaspace       used 6392K, capacity 6556K, committed 6656K, reserved 1056768K
  class space    used 619K, capacity 673K, committed 768K, reserved 1048576K
}
Event: 1.354 GC heap before
{Heap before GC invocations=2 (full 0):
 garbage-first heap   total 30720K, used 7011K [0x00000000c0000000, 0x00000000c01000f0, 0x0000000100000000)
  region size 1024K, 6 young (6144K), 1 survivors (1024K)
 Metaspace       used 6693K, capacity 6926K, committed 7168K, reserved 1056768K
  class space    used 645K, capacity 714K, committed 768K, reserved 1048576K
Event: 1.366 GC heap after
Heap after GC invocations=3 (full 0):
 garbage-first heap   total 30720K, used 3072K [0x00000000c0000000, 0x00000000c01000f0, 0x0000000100000000)
  region size 1024K, 1 young (1024K), 1 survivors (1024K)
 Metaspace       used 6693K, capacity 6926K, committed 7168K, reserved 1056768K
  class space    used 645K, capacity 714K, committed 768K, reserved 1048576K
}
Event: 2.670 GC heap before
{Heap before GC invocations=3 (full 0):
 garbage-first heap   total 30720K, used 20480K [0x00000000c0000000, 0x00000000c01000f0, 0x0000000100000000)
  region size 1024K, 18 young (18432K), 1 survivors (1024K)
 Metaspace       used 10522K, capacity 10998K, committed 11136K, reserved 1058816K
  class space    used 1031K, capacity 1148K, committed 1152K, reserved 1048576K
Event: 2.706 GC heap after
Heap after GC invocations=4 (full 0):
 garbage-first heap   total 30720K, used 8192K [0x00000000c0000000, 0x00000000c01000f0, 0x0000000100000000)
  region size 1024K, 3 young (3072K), 3 survivors (3072K)
 Metaspace       used 10522K, capacity 10998K, committed 11136K, reserved 1058816K
  class space    used 1031K, capacity 1148K, committed 1152K, reserved 1048576K
}
Event: 3.853 GC heap before
{Heap before GC invocations=4 (full 0):
 garbage-first heap   total 30720K, used 21504K [0x00000000c0000000, 0x00000000c01000f0, 0x0000000100000000)
  region size 1024K, 16 young (16384K), 3 survivors (3072K)
 Metaspace       used 16869K, capacity 17740K, committed 18048K, reserved 1064960K
  class space    used 1574K, capacity 1822K, committed 1920K, reserved 1048576K
Event: 3.884 GC heap after
Heap after GC invocations=5 (full 0):
 garbage-first heap   total 30720K, used 13824K [0x00000000c0000000, 0x00000000c01000f0, 0x0000000100000000)
  region size 1024K, 2 young (2048K), 2 survivors (2048K)
 Metaspace       used 16869K, capacity 17740K, committed 18048K, reserved 1064960K
  class space    used 1574K, capacity 1822K, committed 1920K, reserved 1048576K
}
Event: 4.481 GC heap before
{Heap before GC invocations=5 (full 0):
 garbage-first heap   total 30720K, used 24064K [0x00000000c0000000, 0x00000000c01000f0, 0x0000000100000000)
  region size 1024K, 12 young (12288K), 2 survivors (2048K)
 Metaspace       used 17908K, capacity 18768K, committed 18944K, reserved 1067008K
  class space    used 1672K, capacity 1934K, committed 2048K, reserved 1048576K
Event: 4.492 GC heap after
Heap after GC invocations=6 (full 0):
 garbage-first heap   total 30720K, used 14847K [0x00000000c0000000, 0x00000000c01000f0, 0x0000000100000000)
  region size 1024K, 1 young (1024K), 1 survivors (1024K)
 Metaspace       used 17908K, capacity 18768K, committed 18944K, reserved 1067008K
  class space    used 1672K, capacity 1934K, committed 2048K, reserved 1048576K
}
Event: 5.215 GC heap before
{Heap before GC invocations=6 (full 0):
 garbage-first heap   total 30720K, used 25087K [0x00000000c0000000, 0x00000000c01000f0, 0x0000000100000000)
  region size 1024K, 11 young (11264K), 1 survivors (1024K)
 Metaspace       used 20127K, capacity 21102K, committed 21248K, reserved 1069056K
  class space    used 1957K, capacity 2268K, committed 2304K, reserved 1048576K
Event: 5.234 GC heap after
Heap after GC invocations=7 (full 0):
 garbage-first heap   total 30720K, used 16896K [0x00000000c0000000, 0x00000000c01000f0, 0x0000000100000000)
  region size 1024K, 2 young (2048K), 2 survivors (2048K)
 Metaspace       used 20127K, capacity 21102K, committed 21248K, reserved 1069056K
  class space    used 1957K, capacity 2268K, committed 2304K, reserved 1048576K
}
Event: 5.476 GC heap before
{Heap before GC invocations=8 (full 0):
 garbage-first heap   total 30720K, used 19968K [0x00000000c0000000, 0x00000000c01000f0, 0x0000000100000000)
  region size 1024K, 10 young (10240K), 2 survivors (2048K)
 Metaspace       used 20439K, capacity 21422K, committed 21632K, reserved 1069056K
  class space    used 2016K, capacity 2332K, committed 2432K, reserved 1048576K
Event: 5.481 GC heap after
Heap after GC invocations=9 (full 0):
 garbage-first heap   total 30720K, used 11776K [0x00000000c0000000, 0x00000000c01000f0, 0x0000000100000000)
  region size 1024K, 2 young (2048K), 2 survivors (2048K)
 Metaspace       used 20439K, capacity 21422K, committed 21632K, reserved 1069056K
  class space    used 2016K, capacity 2332K, committed 2432K, reserved 1048576K
}
Event: 5.489 GC heap before
{Heap before GC invocations=9 (full 0):
 garbage-first heap   total 30720K, used 12800K [0x00000000c0000000, 0x00000000c01000f0, 0x0000000100000000)
  region size 1024K, 3 young (3072K), 2 survivors (2048K)
 Metaspace       used 20469K, capacity 21486K, committed 21632K, reserved 1069056K
  class space    used 2022K, capacity 2332K, committed 2432K, reserved 1048576K
Event: 5.544 GC heap after
Heap after GC invocations=10 (full 0):
 garbage-first heap   total 30720K, used 10144K [0x00000000c0000000, 0x00000000c01000f0, 0x0000000100000000)
  region size 1024K, 1 young (1024K), 1 survivors (1024K)
 Metaspace       used 20469K, capacity 21486K, committed 21632K, reserved 1069056K
  class space    used 2022K, capacity 2332K, committed 2432K, reserved 1048576K
}
Event: 5.629 GC heap before
{Heap before GC invocations=10 (full 0):
 garbage-first heap   total 30720K, used 11168K [0x00000000c0000000, 0x00000000c01000f0, 0x0000000100000000)
  region size 1024K, 2 young (2048K), 1 survivors (1024K)
 Metaspace       used 20539K, capacity 21518K, committed 21632K, reserved 1069056K
  class space    used 2034K, capacity 2364K, committed 2432K, reserved 1048576K
Event: 5.639 GC heap after
Heap after GC invocations=11 (full 0):
 garbage-first heap   total 30720K, used 10239K [0x00000000c0000000, 0x00000000c01000f0, 0x0000000100000000)
  region size 1024K, 1 young (1024K), 1 survivors (1024K)
 Metaspace       used 20539K, capacity 21518K, committed 21632K, reserved 1069056K
  class space    used 2034K, capacity 2364K, committed 2432K, reserved 1048576K
}
Event: 6.033 GC heap before
{Heap before GC invocations=11 (full 0):
 garbage-first heap   total 30720K, used 25599K [0x00000000c0000000, 0x00000000c01000f0, 0x0000000100000000)
  region size 1024K, 16 young (16384K), 1 survivors (1024K)
 Metaspace       used 22859K, capacity 23924K, committed 24320K, reserved 1071104K
  class space    used 2316K, capacity 2695K, committed 2816K, reserved 1048576K
Event: 6.051 GC heap after
Heap after GC invocations=12 (full 0):
 garbage-first heap   total 30720K, used 13312K [0x00000000c0000000, 0x00000000c01000f0, 0x0000000100000000)
  region size 1024K, 2 young (2048K), 2 survivors (2048K)
 Metaspace       used 22859K, capacity 23924K, committed 24320K, reserved 1071104K
  class space    used 2316K, capacity 2695K, committed 2816K, reserved 1048576K
}
Event: 6.731 GC heap before
{Heap before GC invocations=12 (full 0):
 garbage-first heap   total 30720K, used 25600K [0x00000000c0000000, 0x00000000c01000f0, 0x0000000100000000)
  region size 1024K, 14 young (14336K), 2 survivors (2048K)
 Metaspace       used 24491K, capacity 25548K, committed 25728K, reserved 1073152K
  class space    used 2549K, capacity 2893K, committed 2944K, reserved 1048576K
Event: 6.766 GC heap after
Heap after GC invocations=13 (full 0):
 garbage-first heap   total 30720K, used 14848K [0x00000000c0000000, 0x00000000c01000f0, 0x0000000100000000)
  region size 1024K, 2 young (2048K), 2 survivors (2048K)
 Metaspace       used 24491K, capacity 25548K, committed 25728K, reserved 1073152K
  class space    used 2549K, capacity 2893K, committed 2944K, reserved 1048576K
}
Event: 6.860 GC heap before
{Heap before GC invocations=13 (full 0):
 garbage-first heap   total 30720K, used 25088K [0x00000000c0000000, 0x00000000c01000f0, 0x0000000100000000)
  region size 1024K, 12 young (12288K), 2 survivors (2048K)
 Metaspace       used 24569K, capacity 25718K, committed 25984K, reserved 1073152K
  class space    used 2562K, capacity 2907K, committed 2944K, reserved 1048576K
Event: 6.880 GC heap after
Heap after GC invocations=14 (full 0):
 garbage-first heap   total 30720K, used 15871K [0x00000000c0000000, 0x00000000c01000f0, 0x0000000100000000)
  region size 1024K, 2 young (2048K), 2 survivors (2048K)
 Metaspace       used 24569K, capacity 25718K, committed 25984K, reserved 1073152K
  class space    used 2562K, capacity 2907K, committed 2944K, reserved 1048576K
}
Event: 7.244 GC heap before
{Heap before GC invocations=14 (full 0):
 garbage-first heap   total 30720K, used 25087K [0x00000000c0000000, 0x00000000c01000f0, 0x0000000100000000)
  region size 1024K, 11 young (11264K), 2 survivors (2048K)
 Metaspace       used 25384K, capacity 26634K, committed 26880K, reserved 1073152K
  class space    used 2645K, capacity 3043K, committed 3072K, reserved 1048576K
Event: 7.260 GC heap after
Heap after GC invocations=15 (full 0):
 garbage-first heap   total 30720K, used 16895K [0x00000000c0000000, 0x00000000c01000f0, 0x0000000100000000)
  region size 1024K, 2 young (2048K), 2 survivors (2048K)
 Metaspace       used 25384K, capacity 26634K, committed 26880K, reserved 1073152K
  class space    used 2645K, capacity 3043K, committed 3072K, reserved 1048576K
}
Event: 7.339 GC heap before
{Heap before GC invocations=15 (full 0):
 garbage-first heap   total 30720K, used 25087K [0x00000000c0000000, 0x00000000c01000f0, 0x0000000100000000)
  region size 1024K, 10 young (10240K), 2 survivors (2048K)
 Metaspace       used 25389K, capacity 26634K, committed 26880K, reserved 1073152K
  class space    used 2646K, capacity 3043K, committed 3072K, reserved 1048576K
Event: 7.354 GC heap after
Heap after GC invocations=16 (full 0):
 garbage-first heap   total 30720K, used 17408K [0x00000000c0000000, 0x00000000c01000f0, 0x0000000100000000)
  region size 1024K, 2 young (2048K), 2 survivors (2048K)
 Metaspace       used 25389K, capacity 26634K, committed 26880K, reserved 1073152K
  class space    used 2646K, capacity 3043K, committed 3072K, reserved 1048576K
}
Event: 7.980 GC heap before
{Heap before GC invocations=17 (full 0):
 garbage-first heap   total 30720K, used 22528K [0x00000000c0000000, 0x00000000c01000f0, 0x0000000100000000)
  region size 1024K, 10 young (10240K), 2 survivors (2048K)
 Metaspace       used 25908K, capacity 27136K, committed 27264K, reserved 1073152K
  class space    used 2706K, capacity 3158K, committed 3200K, reserved 1048576K
Event: 7.992 GC heap after
Heap after GC invocations=18 (full 0):
 garbage-first heap   total 30720K, used 14741K [0x00000000c0000000, 0x00000000c01000f0, 0x0000000100000000)
  region size 1024K, 2 young (2048K), 2 survivors (2048K)
 Metaspace       used 25908K, capacity 27136K, committed 27264K, reserved 1073152K
  class space    used 2706K, capacity 3158K, committed 3200K, reserved 1048576K
}
Event: 8.025 GC heap before
{Heap before GC invocations=18 (full 0):
 garbage-first heap   total 30720K, used 15765K [0x00000000c0000000, 0x00000000c01000f0, 0x0000000100000000)
  region size 1024K, 3 young (3072K), 2 survivors (2048K)
 Metaspace       used 26104K, capacity 27392K, committed 27520K, reserved 1073152K
  class space    used 2727K, capacity 3158K, committed 3200K, reserved 1048576K
Event: 8.045 GC heap after
Heap after GC invocations=19 (full 0):
 garbage-first heap   total 30720K, used 13823K [0x00000000c0000000, 0x00000000c01000f0, 0x0000000100000000)
  region size 1024K, 1 young (1024K), 1 survivors (1024K)
 Metaspace       used 26104K, capacity 27392K, committed 27520K, reserved 1073152K
  class space    used 2727K, capacity 3158K, committed 3200K, reserved 1048576K
}
Event: 8.057 GC heap before
{Heap before GC invocations=19 (full 0):
 garbage-first heap   total 30720K, used 14847K [0x00000000c0000000, 0x00000000c01000f0, 0x0000000100000000)
  region size 1024K, 2 young (2048K), 1 survivors (1024K)
 Metaspace       used 26313K, capacity 27616K, committed 27776K, reserved 1073152K
  class space    used 2740K, capacity 3190K, committed 3200K, reserved 1048576K
Event: 8.080 GC heap after
Heap after GC invocations=20 (full 0):
 garbage-first heap   total 30720K, used 13312K [0x00000000c0000000, 0x00000000c01000f0, 0x0000000100000000)
  region size 1024K, 1 young (1024K), 1 survivors (1024K)
 Metaspace       used 26313K, capacity 27616K, committed 27776K, reserved 1073152K
  class space    used 2740K, capacity 3190K, committed 3200K, reserved 1048576K
}
Event: 8.647 GC heap before
{Heap before GC invocations=20 (full 0):
 garbage-first heap   total 30720K, used 25600K [0x00000000c0000000, 0x00000000c01000f0, 0x0000000100000000)
  region size 1024K, 13 young (13312K), 1 survivors (1024K)
 Metaspace       used 29703K, capacity 31408K, committed 31744K, reserved 1077248K
  class space    used 3126K, capacity 3720K, committed 3840K, reserved 1048576K
Event: 8.677 GC heap after
Heap after GC invocations=21 (full 0):
 garbage-first heap   total 31744K, used 18432K [0x00000000c0000000, 0x00000000c01000f8, 0x0000000100000000)
  region size 1024K, 2 young (2048K), 2 survivors (2048K)
 Metaspace       used 29703K, capacity 31408K, committed 31744K, reserved 1077248K
  class space    used 3126K, capacity 3720K, committed 3840K, reserved 1048576K
}
Event: 9.222 GC heap before
{Heap before GC invocations=21 (full 0):
 garbage-first heap   total 31744K, used 25600K [0x00000000c0000000, 0x00000000c01000f8, 0x0000000100000000)
  region size 1024K, 9 young (9216K), 2 survivors (2048K)
 Metaspace       used 31261K, capacity 32996K, committed 33152K, reserved 1079296K
  class space    used 3305K, capacity 3881K, committed 3968K, reserved 1048576K
Event: 9.235 GC heap after
Heap after GC invocations=22 (full 0):
 garbage-first heap   total 31744K, used 21504K [0x00000000c0000000, 0x00000000c01000f8, 0x0000000100000000)
  region size 1024K, 2 young (2048K), 2 survivors (2048K)
 Metaspace       used 31261K, capacity 32996K, committed 33152K, reserved 1079296K
  class space    used 3305K, capacity 3881K, committed 3968K, reserved 1048576K
}
Event: 9.455 GC heap before
{Heap before GC invocations=23 (full 0):
 garbage-first heap   total 31744K, used 23552K [0x00000000c0000000, 0x00000000c01000f8, 0x0000000100000000)
  region size 1024K, 6 young (6144K), 2 survivors (2048K)
 Metaspace       used 32003K, capacity 33956K, committed 34048K, reserved 1079296K
  class space    used 3381K, capacity 4006K, committed 4096K, reserved 1048576K
Event: 9.475 GC heap after
Heap after GC invocations=24 (full 0):
 garbage-first heap   total 31744K, used 18944K [0x00000000c0000000, 0x00000000c01000f8, 0x0000000100000000)
  region size 1024K, 1 young (1024K), 1 survivors (1024K)
 Metaspace       used 32003K, capacity 33956K, committed 34048K, reserved 1079296K
  class space    used 3381K, capacity 4006K, committed 4096K, reserved 1048576K
}
Event: 9.504 GC heap before
{Heap before GC invocations=24 (full 0):
 garbage-first heap   total 31744K, used 19968K [0x00000000c0000000, 0x00000000c01000f8, 0x0000000100000000)
  region size 1024K, 2 young (2048K), 1 survivors (1024K)
 Metaspace       used 32057K, capacity 34056K, committed 34304K, reserved 1079296K
  class space    used 3391K, capacity 4042K, committed 4096K, reserved 1048576K
Event: 9.522 GC heap after
Heap after GC invocations=25 (full 0):
 garbage-first heap   total 31744K, used 16895K [0x00000000c0000000, 0x00000000c01000f8, 0x0000000100000000)
  region size 1024K, 1 young (1024K), 1 survivors (1024K)
 Metaspace       used 32057K, capacity 34056K, committed 34304K, reserved 1079296K
  class space    used 3391K, capacity 4042K, committed 4096K, reserved 1048576K
}
Event: 9.529 GC heap before
{Heap before GC invocations=25 (full 0):
 garbage-first heap   total 31744K, used 17919K [0x00000000c0000000, 0x00000000c01000f8, 0x0000000100000000)
  region size 1024K, 2 young (2048K), 1 survivors (1024K)
 Metaspace       used 32058K, capacity 34056K, committed 34304K, reserved 1079296K
  class space    used 3391K, capacity 4042K, committed 4096K, reserved 1048576K
Event: 9.569 GC heap after
Heap after GC invocations=26 (full 0):
 garbage-first heap   total 31744K, used 16764K [0x00000000c0000000, 0x00000000c01000f8, 0x0000000100000000)
  region size 1024K, 1 young (1024K), 1 survivors (1024K)
 Metaspace       used 32058K, capacity 34056K, committed 34304K, reserved 1079296K
  class space    used 3391K, capacity 4042K, committed 4096K, reserved 1048576K
}
Event: 9.705 GC heap before
{Heap before GC invocations=26 (full 0):
 garbage-first heap   total 31744K, used 24956K [0x00000000c0000000, 0x00000000c01000f8, 0x0000000100000000)
  region size 1024K, 9 young (9216K), 1 survivors (1024K)
 Metaspace       used 32442K, capacity 34510K, committed 34688K, reserved 1079296K
  class space    used 3431K, capacity 4110K, committed 4224K, reserved 1048576K
Event: 9.740 GC heap after
Heap after GC invocations=27 (full 0):
 garbage-first heap   total 31744K, used 17724K [0x00000000c0000000, 0x00000000c01000f8, 0x0000000100000000)
  region size 1024K, 2 young (2048K), 2 survivors (2048K)
 Metaspace       used 32442K, capacity 34510K, committed 34688K, reserved 1079296K
  class space    used 3431K, capacity 4110K, committed 4224K, reserved 1048576K
}
Event: 10.329 GC heap before
{Heap before GC invocations=27 (full 0):
 garbage-first heap   total 31744K, used 24892K [0x00000000c0000000, 0x00000000c01000f8, 0x0000000100000000)
  region size 1024K, 9 young (9216K), 2 survivors (2048K)
 Metaspace       used 33177K, capacity 35234K, committed 35584K, reserved 1081344K
  class space    used 3520K, capacity 4246K, committed 4352K, reserved 1048576K
Event: 10.341 GC heap after
Heap after GC invocations=28 (full 0):
 garbage-first heap   total 31744K, used 18082K [0x00000000c0000000, 0x00000000c01000f8, 0x0000000100000000)
  region size 1024K, 2 young (2048K), 2 survivors (2048K)
 Metaspace       used 33177K, capacity 35234K, committed 35584K, reserved 1081344K
  class space    used 3520K, capacity 4246K, committed 4352K, reserved 1048576K
}
Event: 10.669 GC heap before
{Heap before GC invocations=29 (full 0):
 garbage-first heap   total 31744K, used 24226K [0x00000000c0000000, 0x00000000c01000f8, 0x0000000100000000)
  region size 1024K, 9 young (9216K), 2 survivors (2048K)
 Metaspace       used 34056K, capacity 36162K, committed 36352K, reserved 1081344K
  class space    used 3606K, capacity 4342K, committed 4352K, reserved 1048576K
Event: 10.683 GC heap after
Heap after GC invocations=30 (full 0):
 garbage-first heap   total 31744K, used 18231K [0x00000000c0000000, 0x00000000c01000f8, 0x0000000100000000)
  region size 1024K, 2 young (2048K), 2 survivors (2048K)
 Metaspace       used 34056K, capacity 36162K, committed 36352K, reserved 1081344K
  class space    used 3606K, capacity 4342K, committed 4352K, reserved 1048576K
}
Event: 10.703 GC heap before
{Heap before GC invocations=30 (full 0):
 garbage-first heap   total 31744K, used 19255K [0x00000000c0000000, 0x00000000c01000f8, 0x0000000100000000)
  region size 1024K, 3 young (3072K), 2 survivors (2048K)
 Metaspace       used 34330K, capacity 36418K, committed 36608K, reserved 1081344K
  class space    used 3633K, capacity 4342K, committed 4352K, reserved 1048576K
Event: 10.751 GC heap after
Heap after GC invocations=31 (full 0):
 garbage-first heap   total 31744K, used 19455K [0x00000000c0000000, 0x00000000c01000f8, 0x0000000100000000)
  region size 1024K, 1 young (1024K), 1 survivors (1024K)
 Metaspace       used 34330K, capacity 36418K, committed 36608K, reserved 1081344K
  class space    used 3633K, capacity 4342K, committed 4352K, reserved 1048576K
}
Event: 10.785 GC heap before
{Heap before GC invocations=31 (full 0):
 garbage-first heap   total 31744K, used 26623K [0x00000000c0000000, 0x00000000c01000f8, 0x0000000100000000)
  region size 1024K, 8 young (8192K), 1 survivors (1024K)
 Metaspace       used 34555K, capacity 36642K, committed 36992K, reserved 1081344K
  class space    used 3659K, capacity 4374K, committed 4480K, reserved 1048576K
Event: 10.828 GC heap after
Heap after GC invocations=32 (full 0):
 garbage-first heap   total 31744K, used 20480K [0x00000000c0000000, 0x00000000c01000f8, 0x0000000100000000)
  region size 1024K, 1 young (1024K), 1 survivors (1024K)
 Metaspace       used 34555K, capacity 36642K, committed 36992K, reserved 1081344K
  class space    used 3659K, capacity 4374K, committed 4480K, reserved 1048576K
}
Event: 10.892 GC heap before
{Heap before GC invocations=32 (full 0):
 garbage-first heap   total 31744K, used 26624K [0x00000000c0000000, 0x00000000c01000f8, 0x0000000100000000)
  region size 1024K, 7 young (7168K), 1 survivors (1024K)
 Metaspace       used 34749K, capacity 36930K, committed 37248K, reserved 1081344K
  class space    used 3677K, capacity 4406K, committed 4480K, reserved 1048576K
Event: 10.903 GC heap after
Heap after GC invocations=33 (full 0):
 garbage-first heap   total 31744K, used 22016K [0x00000000c0000000, 0x00000000c01000f8, 0x0000000100000000)
  region size 1024K, 1 young (1024K), 1 survivors (1024K)
 Metaspace       used 34749K, capacity 36930K, committed 37248K, reserved 1081344K
  class space    used 3677K, capacity 4406K, committed 4480K, reserved 1048576K
}
Event: 11.130 GC heap before
{Heap before GC invocations=33 (full 0):
 garbage-first heap   total 31744K, used 26112K [0x00000000c0000000, 0x00000000c01000f8, 0x0000000100000000)
  region size 1024K, 5 young (5120K), 1 survivors (1024K)
 Metaspace       used 34888K, capacity 37012K, committed 37248K, reserved 1081344K
  class space    used 3688K, capacity 4409K, committed 4480K, reserved 1048576K
Event: 11.162 GC heap after
Heap after GC invocations=34 (full 0):
 garbage-first heap   total 63488K, used 23345K [0x00000000c0000000, 0x00000000c01001f0, 0x0000000100000000)
  region size 1024K, 1 young (1024K), 1 survivors (1024K)
 Metaspace       used 34888K, capacity 37012K, committed 37248K, reserved 1081344K
  class space    used 3688K, capacity 4409K, committed 4480K, reserved 1048576K
}
Event: 13.603 GC heap before
{Heap before GC invocations=35 (full 0):
 garbage-first heap   total 63488K, used 50993K [0x00000000c0000000, 0x00000000c01001f0, 0x0000000100000000)
  region size 1024K, 28 young (28672K), 1 survivors (1024K)
 Metaspace       used 36855K, capacity 39150K, committed 39296K, reserved 1083392K
  class space    used 3897K, capacity 4689K, committed 4736K, reserved 1048576K
Event: 13.649 GC heap after
Heap after GC invocations=36 (full 0):
 garbage-first heap   total 126976K, used 25905K [0x00000000c0000000, 0x00000000c01003e0, 0x0000000100000000)
  region size 1024K, 4 young (4096K), 4 survivors (4096K)
 Metaspace       used 36855K, capacity 39150K, committed 39296K, reserved 1083392K
  class space    used 3897K, capacity 4689K, committed 4736K, reserved 1048576K
}
Event: 16.513 GC heap before
{Heap before GC invocations=36 (full 0):
 garbage-first heap   total 126976K, used 97585K [0x00000000c0000000, 0x00000000c01003e0, 0x0000000100000000)
  region size 1024K, 74 young (75776K), 4 survivors (4096K)
 Metaspace       used 38572K, capacity 40936K, committed 41216K, reserved 1085440K
  class space    used 4041K, capacity 4832K, committed 4864K, reserved 1048576K
Event: 16.627 GC heap after
Heap after GC invocations=37 (full 0):
 garbage-first heap   total 126976K, used 32738K [0x00000000c0000000, 0x00000000c01003e0, 0x0000000100000000)
  region size 1024K, 10 young (10240K), 10 survivors (10240K)
 Metaspace       used 38572K, capacity 40936K, committed 41216K, reserved 1085440K
  class space    used 4041K, capacity 4832K, committed 4864K, reserved 1048576K
}
Event: 17.316 GC heap before
{Heap before GC invocations=37 (full 0):
 garbage-first heap   total 126976K, used 98274K [0x00000000c0000000, 0x00000000c01003e0, 0x0000000100000000)
  region size 1024K, 74 young (75776K), 10 survivors (10240K)
 Metaspace       used 38639K, capacity 41000K, committed 41216K, reserved 1085440K
  class space    used 4041K, capacity 4832K, committed 4864K, reserved 1048576K
Event: 17.458 GC heap after
Heap after GC invocations=38 (full 0):
 garbage-first heap   total 126976K, used 38726K [0x00000000c0000000, 0x00000000c01003e0, 0x0000000100000000)
  region size 1024K, 8 young (8192K), 8 survivors (8192K)
 Metaspace       used 38639K, capacity 41000K, committed 41216K, reserved 1085440K
  class space    used 4041K, capacity 4832K, committed 4864K, reserved 1048576K
}
Event: 18.161 GC heap before
{Heap before GC invocations=38 (full 0):
 garbage-first heap   total 126976K, used 103078K [0x00000000c0000000, 0x00000000c01003e0, 0x0000000100000000)
  region size 1024K, 70 young (71680K), 8 survivors (8192K)
 Metaspace       used 38738K, capacity 41064K, committed 41216K, reserved 1085440K
  class space    used 4041K, capacity 4832K, committed 4864K, reserved 1048576K
Event: 18.303 GC heap after
Heap after GC invocations=39 (full 0):
 garbage-first heap   total 126976K, used 46432K [0x00000000c0000000, 0x00000000c01003e0, 0x0000000100000000)
  region size 1024K, 8 young (8192K), 8 survivors (8192K)
 Metaspace       used 38738K, capacity 41064K, committed 41216K, reserved 1085440K
  class space    used 4041K, capacity 4832K, committed 4864K, reserved 1048576K
}
Event: 18.963 GC heap before
{Heap before GC invocations=39 (full 0):
 garbage-first heap   total 126976K, used 104800K [0x00000000c0000000, 0x00000000c01003e0, 0x0000000100000000)
  region size 1024K, 65 young (66560K), 8 survivors (8192K)
 Metaspace       used 38823K, capacity 41128K, committed 41472K, reserved 1085440K
  class space    used 4043K, capacity 4832K, committed 4864K, reserved 1048576K
Event: 19.071 GC heap after
Heap after GC invocations=40 (full 0):
 garbage-first heap   total 126976K, used 53600K [0x00000000c0000000, 0x00000000c01003e0, 0x0000000100000000)
  region size 1024K, 7 young (7168K), 7 survivors (7168K)
 Metaspace       used 38823K, capacity 41128K, committed 41472K, reserved 1085440K
  class space    used 4043K, capacity 4832K, committed 4864K, reserved 1048576K
}
Event: 19.601 GC heap before
{Heap before GC invocations=40 (full 0):
 garbage-first heap   total 126976K, used 105824K [0x00000000c0000000, 0x00000000c01003e0, 0x0000000100000000)
  region size 1024K, 58 young (59392K), 7 survivors (7168K)
 Metaspace       used 39143K, capacity 41556K, committed 41856K, reserved 1085440K
  class space    used 4067K, capacity 4868K, committed 4992K, reserved 1048576K
Event: 19.660 GC heap after
Heap after GC invocations=41 (full 0):
 garbage-first heap   total 126976K, used 59231K [0x00000000c0000000, 0x00000000c01003e0, 0x0000000100000000)
  region size 1024K, 6 young (6144K), 6 survivors (6144K)
 Metaspace       used 39143K, capacity 41556K, committed 41856K, reserved 1085440K
  class space    used 4067K, capacity 4868K, committed 4992K, reserved 1048576K
}
Event: 20.153 GC heap before
{Heap before GC invocations=41 (full 0):
 garbage-first heap   total 126976K, used 107359K [0x00000000c0000000, 0x00000000c01003e0, 0x0000000100000000)
  region size 1024K, 53 young (54272K), 6 survivors (6144K)
 Metaspace       used 39266K, capacity 41656K, committed 41856K, reserved 1085440K
  class space    used 4081K, capacity 4904K, committed 4992K, reserved 1048576K
Event: 20.288 GC heap after
Heap after GC invocations=42 (full 0):
 garbage-first heap   total 126976K, used 65375K [0x00000000c0000000, 0x00000000c01003e0, 0x0000000100000000)
  region size 1024K, 6 young (6144K), 6 survivors (6144K)
 Metaspace       used 39266K, capacity 41656K, committed 41856K, reserved 1085440K
  class space    used 4081K, capacity 4904K, committed 4992K, reserved 1048576K
}
Event: 20.404 GC heap before
{Heap before GC invocations=42 (full 0):
 garbage-first heap   total 126976K, used 78687K [0x00000000c0000000, 0x00000000c01003e0, 0x0000000100000000)
  region size 1024K, 20 young (20480K), 6 survivors (6144K)
 Metaspace       used 39266K, capacity 41656K, committed 41856K, reserved 1085440K
  class space    used 4081K, capacity 4904K, committed 4992K, reserved 1048576K
Event: 20.536 GC heap after
Heap after GC invocations=43 (full 0):
 garbage-first heap   total 126976K, used 66912K [0x00000000c0000000, 0x00000000c01003e0, 0x0000000100000000)
  region size 1024K, 2 young (2048K), 2 survivors (2048K)
 Metaspace       used 39266K, capacity 41656K, committed 41856K, reserved 1085440K
  class space    used 4081K, capacity 4904K, committed 4992K, reserved 1048576K
}
Event: 21.224 GC heap before
{Heap before GC invocations=43 (full 0):
 garbage-first heap   total 126976K, used 109600K [0x00000000c0000000, 0x00000000c01003e0, 0x0000000100000000)
  region size 1024K, 42 young (43008K), 2 survivors (2048K)
 Metaspace       used 39360K, capacity 41720K, committed 42112K, reserved 1087488K
  class space    used 4094K, capacity 4904K, committed 4992K, reserved 1048576K
Event: 21.312 GC heap after
Heap after GC invocations=44 (full 0):
 garbage-first heap   total 126976K, used 72736K [0x00000000c0000000, 0x00000000c01003e0, 0x0000000100000000)
  region size 1024K, 6 young (6144K), 6 survivors (6144K)
 Metaspace       used 39360K, capacity 41720K, committed 42112K, reserved 1087488K
  class space    used 4094K, capacity 4904K, committed 4992K, reserved 1048576K
}
Event: 21.664 GC heap before
{Heap before GC invocations=45 (full 0):
 garbage-first heap   total 126976K, used 106528K [0x00000000c0000000, 0x00000000c01003e0, 0x0000000100000000)
  region size 1024K, 39 young (39936K), 6 survivors (6144K)
 Metaspace       used 39797K, capacity 42200K, committed 42368K, reserved 1087488K
  class space    used 4130K, capacity 4936K, committed 4992K, reserved 1048576K
Event: 21.749 GC heap after
Heap after GC invocations=46 (full 0):
 garbage-first heap   total 126976K, used 77856K [0x00000000c0000000, 0x00000000c01003e0, 0x0000000100000000)
  region size 1024K, 5 young (5120K), 5 survivors (5120K)
 Metaspace       used 39797K, capacity 42200K, committed 42368K, reserved 1087488K
  class space    used 4130K, capacity 4936K, committed 4992K, reserved 1048576K
}
Event: 21.784 GC heap before
{Heap before GC invocations=46 (full 0):
 garbage-first heap   total 126976K, used 78880K [0x00000000c0000000, 0x00000000c01003e0, 0x0000000100000000)
  region size 1024K, 6 young (6144K), 5 survivors (5120K)
 Metaspace       used 39797K, capacity 42200K, committed 42368K, reserved 1087488K
  class space    used 4130K, capacity 4936K, committed 4992K, reserved 1048576K
Event: 21.857 GC heap after
Heap after GC invocations=47 (full 0):
 garbage-first heap   total 126976K, used 71712K [0x00000000c0000000, 0x00000000c01003e0, 0x0000000100000000)
  region size 1024K, 1 young (1024K), 1 survivors (1024K)
 Metaspace       used 39797K, capacity 42200K, committed 42368K, reserved 1087488K
  class space    used 4130K, capacity 4936K, committed 4992K, reserved 1048576K
}
Event: 22.217 GC heap before
{Heap before GC invocations=47 (full 0):
 garbage-first heap   total 126976K, used 107552K [0x00000000c0000000, 0x00000000c01003e0, 0x0000000100000000)
  region size 1024K, 36 young (36864K), 1 survivors (1024K)
 Metaspace       used 40556K, capacity 43052K, committed 43264K, reserved 1087488K
  class space    used 4253K, capacity 5072K, committed 5120K, reserved 1048576K

